<?xml version="1.0" encoding="utf-8"?><testsuites><testsuite name="pytest" errors="1" failures="3" skipped="0" tests="12" time="148.144" timestamp="2023-03-03T17:44:22.120431" hostname="111deMacBook-Pro.local"><testcase classname="test_case.test_baidu.TestBaidu" name="test_baidu_001" time="5.991" /><testcase classname="test_case.test_baidu.TestBaidu" name="test_baidu_002" time="2.466" /><testcase classname="test_case.test_baidu.TestBaidu" name="test_baidu_003" time="0.496" /><testcase classname="test_case.test_baidu.TestBaidu" name="test_baidu_004[case1]" time="2.550" /><testcase classname="test_case.test_baidu.TestBaidu" name="test_baidu_004[case2]" time="2.408" /><testcase classname="test_case.test_baidu.TestBaidu" name="test_baidu_004[case3]" time="2.767" /><testcase classname="test_case.test_baidu.TestBaidu" name="test_baidu_006[1-Selenium]" time="2.824" /><testcase classname="test_case.test_baidu.TestBaidu" name="test_baidu_006[2-playwright]" time="4.352" /><testcase classname="test_case.test_inventory.TestInventory" name="test_grounding_onleysale[case1]" time="32.965"><failure message="playwright._impl._api_types.Error: value: expected string, got number">self = &lt;test_case.test_inventory.TestInventory object at 0x10f7e4d60&gt;
page = &lt;Page url='https://testwww.youpin898.com/stock?gameId=730&amp;tabKey=1'&gt;
price = '1', comment = 'UI自动化上架demo正确上架数字1'

    @pytest.mark.parametrize(
        "price, comment",
        [("1", "UI自动化上架demo正确上架数字1"),
         ("0", "UI自动化上架demo-价格为0"),
         ("啊啊啊啊", "UI自动化上架demo-价格框输入文字"),
         ("&amp;&amp;&amp;¥%……&amp;*", "UI自动化上架demo-符号"),
         ("-9", "UI自动化上架demo-负数"),
         ],
        ids=["case1", "case2", "case3", "case4", "case5"]
    )
    @allure.story("只卖不租-单个上架")
    def test_grounding_onleysale(self, page, price, comment):
        # 点击我的库存
        page.locator(InventoryPage.my_inventory).click()
        # 库存加载较慢，设置一个等待时间
        page.wait_for_timeout(10000)
        page.locator(InventoryPage.show_all).click()
        # 点击可出售筛选项
        page.locator(InventoryPage.show_can_sale).click()
        page.wait_for_timeout(5000)
        # 选择商品
        page.locator(InventoryPage.select_goods).click()
        page.wait_for_timeout(5000)
        # 点击上架
        page.locator(InventoryPage.grounding_but).click()
        page.wait_for_timeout(5000)
        # 点击只卖不租
        page.locator(InventoryPage.only_sale).click()
        # 输入价格
&gt;       page.locator(InventoryPage.pricing_sale).fill(1)

test_case/test_inventory.py:46: 
_ _ _ _ _ _ _ _ _ _ _ _ _ _ _ _ _ _ _ _ _ _ _ _ _ _ _ _ _ _ _ _ _ _ _ _ _ _ _ _ 
venv/lib/python3.10/site-packages/playwright/sync_api/_generated.py:15755: in fill
    self._sync(
venv/lib/python3.10/site-packages/playwright/_impl/_locator.py:198: in fill
    return await self._frame.fill(self._selector, strict=True, **params)
venv/lib/python3.10/site-packages/playwright/_impl/_frame.py:528: in fill
    await self._channel.send("fill", locals_to_params(locals()))
venv/lib/python3.10/site-packages/playwright/_impl/_connection.py:44: in send
    return await self._connection.wrap_api_call(
venv/lib/python3.10/site-packages/playwright/_impl/_connection.py:419: in wrap_api_call
    return await cb()
_ _ _ _ _ _ _ _ _ _ _ _ _ _ _ _ _ _ _ _ _ _ _ _ _ _ _ _ _ _ _ _ _ _ _ _ _ _ _ _ 

self = &lt;playwright._impl._connection.Channel object at 0x10fbd4280&gt;
method = 'fill'
params = {'selector': 'xpath=//html/body/div[5]/div/div[2]/div/div[2]/div/div/div[2]/div/div/div[2]/div[4]/input', 'strict': True, 'value': 1}
return_as_dict = False

    async def inner_send(
        self, method: str, params: Optional[Dict], return_as_dict: bool
    ) -&gt; Any:
        if params is None:
            params = {}
        callback = self._connection._send_message_to_server(self._guid, method, params)
        if self._connection._error:
            error = self._connection._error
            self._connection._error = None
            raise error
        done, _ = await asyncio.wait(
            {
                self._connection._transport.on_error_future,
                callback.future,
            },
            return_when=asyncio.FIRST_COMPLETED,
        )
        if not callback.future.done():
            callback.future.cancel()
&gt;       result = next(iter(done)).result()
E       playwright._impl._api_types.Error: value: expected string, got number

venv/lib/python3.10/site-packages/playwright/_impl/_connection.py:79: Error</failure></testcase><testcase classname="test_case.test_inventory.TestInventory" name="test_grounding_onleysale[case2]" time="30.013"><failure message="playwright._impl._api_types.TimeoutError: Timeout 30000ms exceeded.&#10;=========================== logs ===========================&#10;waiting for locator(&quot;xpath=//html/body/div[2]/div/div/div[1]/div/ul/li[7]/a/span&quot;)&#10;  locator resolved to &lt;span class=&quot;f14&quot; data-v-448173c4=&quot;&quot;&gt;我的库存&lt;/span&gt;&#10;attempting click action&#10;  waiting for element to be visible, enabled and stable&#10;  element is visible, enabled and stable&#10;  scrolling into view if needed&#10;  done scrolling&#10;  &lt;div tabindex=&quot;-1&quot; role=&quot;dialog&quot; class=&quot;ant-modal-wra…&gt;…&lt;/div&gt; from &lt;div&gt;…&lt;/div&gt; subtree intercepts pointer events&#10;retrying click action, attempt #1&#10;  waiting for element to be visible, enabled and stable&#10;  element is visible, enabled and stable&#10;  scrolling into view if needed&#10;  done scrolling&#10;  &lt;div tabindex=&quot;-1&quot; role=&quot;dialog&quot; class=&quot;ant-modal-wra…&gt;…&lt;/div&gt; from &lt;div&gt;…&lt;/div&gt; subtree intercepts pointer events&#10;retrying click action, attempt #2&#10;  waiting 20ms&#10;  waiting for element to be visible, enabled and stable&#10;  element is visible, enabled and stable&#10;  scrolling into view if needed&#10;  done scrolling&#10;  &lt;div tabindex=&quot;-1&quot; role=&quot;dialog&quot; class=&quot;ant-modal-wra…&gt;…&lt;/div&gt; from &lt;div&gt;…&lt;/div&gt; subtree intercepts pointer events&#10;retrying click action, attempt #3&#10;  waiting 100ms&#10;  waiting for element to be visible, enabled and stable&#10;  element is visible, enabled and stable&#10;  scrolling into view if needed&#10;  done scrolling&#10;  &lt;div tabindex=&quot;-1&quot; role=&quot;dialog&quot; class=&quot;ant-modal-wra…&gt;…&lt;/div&gt; from &lt;div&gt;…&lt;/div&gt; subtree intercepts pointer events&#10;retrying click action, attempt #4&#10;  waiting 100ms&#10;  waiting for element to be visible, enabled and stable&#10;  element is visible, enabled and stable&#10;  scrolling into view if needed&#10;  done scrolling&#10;  &lt;div tabindex=&quot;-1&quot; role=&quot;dialog&quot; class=&quot;ant-modal-wra…&gt;…&lt;/div&gt; from &lt;div&gt;…&lt;/div&gt; subtree intercepts pointer events&#10;retrying click action, attempt #5&#10;  waiting 500ms&#10;  waiting for element to be visible, enabled and stable&#10;  element is visible, enabled and stable&#10;  scrolling into view if needed&#10;  done scrolling&#10;  &lt;div tabindex=&quot;-1&quot; role=&quot;dialog&quot; class=&quot;ant-modal-wra…&gt;…&lt;/div&gt; from &lt;div&gt;…&lt;/div&gt; subtree intercepts pointer events&#10;retrying click action, attempt #6&#10;  waiting 500ms&#10;  waiting for element to be visible, enabled and stable&#10;  element is visible, enabled and stable&#10;  scrolling into view if needed&#10;  done scrolling&#10;  &lt;div tabindex=&quot;-1&quot; role=&quot;dialog&quot; class=&quot;ant-modal-wra…&gt;…&lt;/div&gt; from &lt;div&gt;…&lt;/div&gt; subtree intercepts pointer events&#10;retrying click action, attempt #7&#10;  waiting 500ms&#10;  waiting for element to be visible, enabled and stable&#10;  element is visible, enabled and stable&#10;  scrolling into view if needed&#10;  done scrolling&#10;  &lt;div tabindex=&quot;-1&quot; role=&quot;dialog&quot; class=&quot;ant-modal-wra…&gt;…&lt;/div&gt; from &lt;div&gt;…&lt;/div&gt; subtree intercepts pointer events&#10;retrying click action, attempt #8&#10;  waiting 500ms&#10;  waiting for element to be visible, enabled and stable&#10;  element is visible, enabled and stable&#10;  scrolling into view if needed&#10;  done scrolling&#10;  &lt;div tabindex=&quot;-1&quot; role=&quot;dialog&quot; class=&quot;ant-modal-wra…&gt;…&lt;/div&gt; from &lt;div&gt;…&lt;/div&gt; subtree intercepts pointer events&#10;retrying click action, attempt #9&#10;  waiting 500ms&#10;  waiting for element to be visible, enabled and stable&#10;  element is visible, enabled and stable&#10;  scrolling into view if needed&#10;  done scrolling&#10;  &lt;div tabindex=&quot;-1&quot; role=&quot;dialog&quot; class=&quot;ant-modal-wra…&gt;…&lt;/div&gt; from &lt;div&gt;…&lt;/div&gt; subtree intercepts pointer events&#10;retrying click action, attempt #10&#10;  waiting 500ms&#10;  waiting for element to be visible, enabled and stable&#10;  element is visible, enabled and stable&#10;  scrolling into view if needed&#10;  done scrolling&#10;  &lt;div tabindex=&quot;-1&quot; role=&quot;dialog&quot; class=&quot;ant-modal-wra…&gt;…&lt;/div&gt; from &lt;div&gt;…&lt;/div&gt; subtree intercepts pointer events&#10;retrying click action, attempt #11&#10;  waiting 500ms&#10;  waiting for element to be visible, enabled and stable&#10;  element is visible, enabled and stable&#10;  scrolling into view if needed&#10;  done scrolling&#10;  &lt;div tabindex=&quot;-1&quot; role=&quot;dialog&quot; class=&quot;ant-modal-wra…&gt;…&lt;/div&gt; from &lt;div&gt;…&lt;/div&gt; subtree intercepts pointer events&#10;retrying click action, attempt #12&#10;  waiting 500ms&#10;  waiting for element to be visible, enabled and stable&#10;  element is visible, enabled and stable&#10;  scrolling into view if needed&#10;  done scrolling&#10;  &lt;div tabindex=&quot;-1&quot; role=&quot;dialog&quot; class=&quot;ant-modal-wra…&gt;…&lt;/div&gt; from &lt;div&gt;…&lt;/div&gt; subtree intercepts pointer events&#10;retrying click action, attempt #13&#10;  waiting 500ms&#10;  waiting for element to be visible, enabled and stable&#10;  element is visible, enabled and stable&#10;  scrolling into view if needed&#10;  done scrolling&#10;  &lt;div tabindex=&quot;-1&quot; role=&quot;dialog&quot; class=&quot;ant-modal-wra…&gt;…&lt;/div&gt; from &lt;div&gt;…&lt;/div&gt; subtree intercepts pointer events&#10;retrying click action, attempt #14&#10;  waiting 500ms&#10;  waiting for element to be visible, enabled and stable&#10;  element is visible, enabled and stable&#10;  scrolling into view if needed&#10;  done scrolling&#10;  &lt;div tabindex=&quot;-1&quot; role=&quot;dialog&quot; class=&quot;ant-modal-wra…&gt;…&lt;/div&gt; from &lt;div&gt;…&lt;/div&gt; subtree intercepts pointer events&#10;retrying click action, attempt #15&#10;  waiting 500ms&#10;  waiting for element to be visible, enabled and stable&#10;  element is visible, enabled and stable&#10;  scrolling into view if needed&#10;  done scrolling&#10;  &lt;div tabindex=&quot;-1&quot; role=&quot;dialog&quot; class=&quot;ant-modal-wra…&gt;…&lt;/div&gt; from &lt;div&gt;…&lt;/div&gt; subtree intercepts pointer events&#10;retrying click action, attempt #16&#10;  waiting 500ms&#10;  waiting for element to be visible, enabled and stable&#10;  element is visible, enabled and stable&#10;  scrolling into view if needed&#10;  done scrolling&#10;  &lt;div tabindex=&quot;-1&quot; role=&quot;dialog&quot; class=&quot;ant-modal-wra…&gt;…&lt;/div&gt; from &lt;div&gt;…&lt;/div&gt; subtree intercepts pointer events&#10;retrying click action, attempt #17&#10;  waiting 500ms&#10;  waiting for element to be visible, enabled and stable&#10;  element is visible, enabled and stable&#10;  scrolling into view if needed&#10;  done scrolling&#10;  &lt;div tabindex=&quot;-1&quot; role=&quot;dialog&quot; class=&quot;ant-modal-wra…&gt;…&lt;/div&gt; from &lt;div&gt;…&lt;/div&gt; subtree intercepts pointer events&#10;retrying click action, attempt #18&#10;  waiting 500ms&#10;  waiting for element to be visible, enabled and stable&#10;  element is visible, enabled and stable&#10;  scrolling into view if needed&#10;  done scrolling&#10;  &lt;div tabindex=&quot;-1&quot; role=&quot;dialog&quot; class=&quot;ant-modal-wra…&gt;…&lt;/div&gt; from &lt;div&gt;…&lt;/div&gt; subtree intercepts pointer events&#10;retrying click action, attempt #19&#10;  waiting 500ms&#10;  waiting for element to be visible, enabled and stable&#10;  element is visible, enabled and stable&#10;  scrolling into view if needed&#10;  done scrolling&#10;  &lt;div tabindex=&quot;-1&quot; role=&quot;dialog&quot; class=&quot;ant-modal-wra…&gt;…&lt;/div&gt; from &lt;div&gt;…&lt;/div&gt; subtree intercepts pointer events&#10;retrying click action, attempt #20&#10;  waiting 500ms&#10;  waiting for element to be visible, enabled and stable&#10;  element is visible, enabled and stable&#10;  scrolling into view if needed&#10;  done scrolling&#10;  &lt;div tabindex=&quot;-1&quot; role=&quot;dialog&quot; class=&quot;ant-modal-wra…&gt;…&lt;/div&gt; from &lt;div&gt;…&lt;/div&gt; subtree intercepts pointer events&#10;retrying click action, attempt #21&#10;  waiting 500ms&#10;  waiting for element to be visible, enabled and stable&#10;  element is visible, enabled and stable&#10;  scrolling into view if needed&#10;  done scrolling&#10;  &lt;div tabindex=&quot;-1&quot; role=&quot;dialog&quot; class=&quot;ant-modal-wra…&gt;…&lt;/div&gt; from &lt;div&gt;…&lt;/div&gt; subtree intercepts pointer events&#10;retrying click action, attempt #22&#10;  waiting 500ms&#10;  waiting for element to be visible, enabled and stable&#10;  element is visible, enabled and stable&#10;  scrolling into view if needed&#10;  done scrolling&#10;  &lt;div tabindex=&quot;-1&quot; role=&quot;dialog&quot; class=&quot;ant-modal-wra…&gt;…&lt;/div&gt; from &lt;div&gt;…&lt;/div&gt; subtree intercepts pointer events&#10;retrying click action, attempt #23&#10;  waiting 500ms&#10;  waiting for element to be visible, enabled and stable&#10;  element is visible, enabled and stable&#10;  scrolling into view if needed&#10;  done scrolling&#10;  &lt;div tabindex=&quot;-1&quot; role=&quot;dialog&quot; class=&quot;ant-modal-wra…&gt;…&lt;/div&gt; from &lt;div&gt;…&lt;/div&gt; subtree intercepts pointer events&#10;retrying click action, attempt #24&#10;  waiting 500ms&#10;  waiting for element to be visible, enabled and stable&#10;  element is visible, enabled and stable&#10;  scrolling into view if needed&#10;  done scrolling&#10;  &lt;div tabindex=&quot;-1&quot; role=&quot;dialog&quot; class=&quot;ant-modal-wra…&gt;…&lt;/div&gt; from &lt;div&gt;…&lt;/div&gt; subtree intercepts pointer events&#10;retrying click action, attempt #25&#10;  waiting 500ms&#10;  waiting for element to be visible, enabled and stable&#10;  element is visible, enabled and stable&#10;  scrolling into view if needed&#10;  done scrolling&#10;  &lt;div tabindex=&quot;-1&quot; role=&quot;dialog&quot; class=&quot;ant-modal-wra…&gt;…&lt;/div&gt; from &lt;div&gt;…&lt;/div&gt; subtree intercepts pointer events&#10;retrying click action, attempt #26&#10;  waiting 500ms&#10;  waiting for element to be visible, enabled and stable&#10;  element is visible, enabled and stable&#10;  scrolling into view if needed&#10;  done scrolling&#10;  &lt;div tabindex=&quot;-1&quot; role=&quot;dialog&quot; class=&quot;ant-modal-wra…&gt;…&lt;/div&gt; from &lt;div&gt;…&lt;/div&gt; subtree intercepts pointer events&#10;retrying click action, attempt #27&#10;  waiting 500ms&#10;  waiting for element to be visible, enabled and stable&#10;  element is visible, enabled and stable&#10;  scrolling into view if needed&#10;  done scrolling&#10;  &lt;div tabindex=&quot;-1&quot; role=&quot;dialog&quot; class=&quot;ant-modal-wra…&gt;…&lt;/div&gt; from &lt;div&gt;…&lt;/div&gt; subtree intercepts pointer events&#10;retrying click action, attempt #28&#10;  waiting 500ms&#10;  waiting for element to be visible, enabled and stable&#10;  element is visible, enabled and stable&#10;  scrolling into view if needed&#10;  done scrolling&#10;  &lt;div tabindex=&quot;-1&quot; role=&quot;dialog&quot; class=&quot;ant-modal-wra…&gt;…&lt;/div&gt; from &lt;div&gt;…&lt;/div&gt; subtree intercepts pointer events&#10;retrying click action, attempt #29&#10;  waiting 500ms&#10;  waiting for element to be visible, enabled and stable&#10;  element is visible, enabled and stable&#10;  scrolling into view if needed&#10;  done scrolling&#10;  &lt;div tabindex=&quot;-1&quot; role=&quot;dialog&quot; class=&quot;ant-modal-wra…&gt;…&lt;/div&gt; from &lt;div&gt;…&lt;/div&gt; subtree intercepts pointer events&#10;retrying click action, attempt #30&#10;  waiting 500ms&#10;  waiting for element to be visible, enabled and stable&#10;  element is visible, enabled and stable&#10;  scrolling into view if needed&#10;  done scrolling&#10;  &lt;div tabindex=&quot;-1&quot; role=&quot;dialog&quot; class=&quot;ant-modal-wra…&gt;…&lt;/div&gt; from &lt;div&gt;…&lt;/div&gt; subtree intercepts pointer events&#10;retrying click action, attempt #31&#10;  waiting 500ms&#10;  waiting for element to be visible, enabled and stable&#10;  element is visible, enabled and stable&#10;  scrolling into view if needed&#10;  done scrolling&#10;  &lt;div tabindex=&quot;-1&quot; role=&quot;dialog&quot; class=&quot;ant-modal-wra…&gt;…&lt;/div&gt; from &lt;div&gt;…&lt;/div&gt; subtree intercepts pointer events&#10;retrying click action, attempt #32&#10;  waiting 500ms&#10;  waiting for element to be visible, enabled and stable&#10;  element is visible, enabled and stable&#10;  scrolling into view if needed&#10;  done scrolling&#10;  &lt;div tabindex=&quot;-1&quot; role=&quot;dialog&quot; class=&quot;ant-modal-wra…&gt;…&lt;/div&gt; from &lt;div&gt;…&lt;/div&gt; subtree intercepts pointer events&#10;retrying click action, attempt #33&#10;  waiting 500ms&#10;  waiting for element to be visible, enabled and stable&#10;  element is visible, enabled and stable&#10;  scrolling into view if needed&#10;  done scrolling&#10;  &lt;div tabindex=&quot;-1&quot; role=&quot;dialog&quot; class=&quot;ant-modal-wra…&gt;…&lt;/div&gt; from &lt;div&gt;…&lt;/div&gt; subtree intercepts pointer events&#10;retrying click action, attempt #34&#10;  waiting 500ms&#10;  waiting for element to be visible, enabled and stable&#10;  element is visible, enabled and stable&#10;  scrolling into view if needed&#10;  done scrolling&#10;  &lt;div tabindex=&quot;-1&quot; role=&quot;dialog&quot; class=&quot;ant-modal-wra…&gt;…&lt;/div&gt; from &lt;div&gt;…&lt;/div&gt; subtree intercepts pointer events&#10;retrying click action, attempt #35&#10;  waiting 500ms&#10;  waiting for element to be visible, enabled and stable&#10;  element is visible, enabled and stable&#10;  scrolling into view if needed&#10;  done scrolling&#10;  &lt;div tabindex=&quot;-1&quot; role=&quot;dialog&quot; class=&quot;ant-modal-wra…&gt;…&lt;/div&gt; from &lt;div&gt;…&lt;/div&gt; subtree intercepts pointer events&#10;retrying click action, attempt #36&#10;  waiting 500ms&#10;  waiting for element to be visible, enabled and stable&#10;  element is visible, enabled and stable&#10;  scrolling into view if needed&#10;  done scrolling&#10;  &lt;div tabindex=&quot;-1&quot; role=&quot;dialog&quot; class=&quot;ant-modal-wra…&gt;…&lt;/div&gt; from &lt;div&gt;…&lt;/div&gt; subtree intercepts pointer events&#10;retrying click action, attempt #37&#10;  waiting 500ms&#10;  waiting for element to be visible, enabled and stable&#10;  element is visible, enabled and stable&#10;  scrolling into view if needed&#10;  done scrolling&#10;  &lt;div tabindex=&quot;-1&quot; role=&quot;dialog&quot; class=&quot;ant-modal-wra…&gt;…&lt;/div&gt; from &lt;div&gt;…&lt;/div&gt; subtree intercepts pointer events&#10;retrying click action, attempt #38&#10;  waiting 500ms&#10;  waiting for element to be visible, enabled and stable&#10;  element is visible, enabled and stable&#10;  scrolling into view if needed&#10;  done scrolling&#10;  &lt;div tabindex=&quot;-1&quot; role=&quot;dialog&quot; class=&quot;ant-modal-wra…&gt;…&lt;/div&gt; from &lt;div&gt;…&lt;/div&gt; subtree intercepts pointer events&#10;retrying click action, attempt #39&#10;  waiting 500ms&#10;  waiting for element to be visible, enabled and stable&#10;  element is visible, enabled and stable&#10;  scrolling into view if needed&#10;  done scrolling&#10;  &lt;div tabindex=&quot;-1&quot; role=&quot;dialog&quot; class=&quot;ant-modal-wra…&gt;…&lt;/div&gt; from &lt;div&gt;…&lt;/div&gt; subtree intercepts pointer events&#10;retrying click action, attempt #40&#10;  waiting 500ms&#10;  waiting for element to be visible, enabled and stable&#10;  element is visible, enabled and stable&#10;  scrolling into view if needed&#10;  done scrolling&#10;  &lt;div tabindex=&quot;-1&quot; role=&quot;dialog&quot; class=&quot;ant-modal-wra…&gt;…&lt;/div&gt; from &lt;div&gt;…&lt;/div&gt; subtree intercepts pointer events&#10;retrying click action, attempt #41&#10;  waiting 500ms&#10;  waiting for element to be visible, enabled and stable&#10;  element is visible, enabled and stable&#10;  scrolling into view if needed&#10;  done scrolling&#10;  &lt;div tabindex=&quot;-1&quot; role=&quot;dialog&quot; class=&quot;ant-modal-wra…&gt;…&lt;/div&gt; from &lt;div&gt;…&lt;/div&gt; subtree intercepts pointer events&#10;retrying click action, attempt #42&#10;  waiting 500ms&#10;  waiting for element to be visible, enabled and stable&#10;  element is visible, enabled and stable&#10;  scrolling into view if needed&#10;  done scrolling&#10;  &lt;div tabindex=&quot;-1&quot; role=&quot;dialog&quot; class=&quot;ant-modal-wra…&gt;…&lt;/div&gt; from &lt;div&gt;…&lt;/div&gt; subtree intercepts pointer events&#10;retrying click action, attempt #43&#10;  waiting 500ms&#10;  waiting for element to be visible, enabled and stable&#10;  element is visible, enabled and stable&#10;  scrolling into view if needed&#10;  done scrolling&#10;  &lt;div tabindex=&quot;-1&quot; role=&quot;dialog&quot; class=&quot;ant-modal-wra…&gt;…&lt;/div&gt; from &lt;div&gt;…&lt;/div&gt; subtree intercepts pointer events&#10;retrying click action, attempt #44&#10;  waiting 500ms&#10;  waiting for element to be visible, enabled and stable&#10;  element is visible, enabled and stable&#10;  scrolling into view if needed&#10;  done scrolling&#10;  &lt;div tabindex=&quot;-1&quot; role=&quot;dialog&quot; class=&quot;ant-modal-wra…&gt;…&lt;/div&gt; from &lt;div&gt;…&lt;/div&gt; subtree intercepts pointer events&#10;retrying click action, attempt #45&#10;  waiting 500ms&#10;  waiting for element to be visible, enabled and stable&#10;  element is visible, enabled and stable&#10;  scrolling into view if needed&#10;  done scrolling&#10;  &lt;div tabindex=&quot;-1&quot; role=&quot;dialog&quot; class=&quot;ant-modal-wra…&gt;…&lt;/div&gt; from &lt;div&gt;…&lt;/div&gt; subtree intercepts pointer events&#10;retrying click action, attempt #46&#10;  waiting 500ms&#10;  waiting for element to be visible, enabled and stable&#10;  element is visible, enabled and stable&#10;  scrolling into view if needed&#10;  done scrolling&#10;  &lt;div tabindex=&quot;-1&quot; role=&quot;dialog&quot; class=&quot;ant-modal-wra…&gt;…&lt;/div&gt; from &lt;div&gt;…&lt;/div&gt; subtree intercepts pointer events&#10;retrying click action, attempt #47&#10;  waiting 500ms&#10;  waiting for element to be visible, enabled and stable&#10;  element is visible, enabled and stable&#10;  scrolling into view if needed&#10;  done scrolling&#10;  &lt;div tabindex=&quot;-1&quot; role=&quot;dialog&quot; class=&quot;ant-modal-wra…&gt;…&lt;/div&gt; from &lt;div&gt;…&lt;/div&gt; subtree intercepts pointer events&#10;retrying click action, attempt #48&#10;  waiting 500ms&#10;  waiting for element to be visible, enabled and stable&#10;  element is visible, enabled and stable&#10;  scrolling into view if needed&#10;  done scrolling&#10;  &lt;div tabindex=&quot;-1&quot; role=&quot;dialog&quot; class=&quot;ant-modal-wra…&gt;…&lt;/div&gt; from &lt;div&gt;…&lt;/div&gt; subtree intercepts pointer events&#10;retrying click action, attempt #49&#10;  waiting 500ms&#10;  waiting for element to be visible, enabled and stable&#10;  element is visible, enabled and stable&#10;  scrolling into view if needed&#10;  done scrolling&#10;  &lt;div tabindex=&quot;-1&quot; role=&quot;dialog&quot; class=&quot;ant-modal-wra…&gt;…&lt;/div&gt; from &lt;div&gt;…&lt;/div&gt; subtree intercepts pointer events&#10;retrying click action, attempt #50&#10;  waiting 500ms&#10;  waiting for element to be visible, enabled and stable&#10;  element is visible, enabled and stable&#10;  scrolling into view if needed&#10;  done scrolling&#10;  &lt;div tabindex=&quot;-1&quot; role=&quot;dialog&quot; class=&quot;ant-modal-wra…&gt;…&lt;/div&gt; from &lt;div&gt;…&lt;/div&gt; subtree intercepts pointer events&#10;retrying click action, attempt #51&#10;  waiting 500ms&#10;  waiting for element to be visible, enabled and stable&#10;  element is visible, enabled and stable&#10;  scrolling into view if needed&#10;  done scrolling&#10;  &lt;div tabindex=&quot;-1&quot; role=&quot;dialog&quot; class=&quot;ant-modal-wra…&gt;…&lt;/div&gt; from &lt;div&gt;…&lt;/div&gt; subtree intercepts pointer events&#10;retrying click action, attempt #52&#10;  waiting 500ms&#10;  waiting for element to be visible, enabled and stable&#10;  element is visible, enabled and stable&#10;  scrolling into view if needed&#10;  done scrolling&#10;  &lt;div tabindex=&quot;-1&quot; role=&quot;dialog&quot; class=&quot;ant-modal-wra…&gt;…&lt;/div&gt; from &lt;div&gt;…&lt;/div&gt; subtree intercepts pointer events&#10;retrying click action, attempt #53&#10;  waiting 500ms&#10;  waiting for element to be visible, enabled and stable&#10;  element is visible, enabled and stable&#10;  scrolling into view if needed&#10;  done scrolling&#10;  &lt;div tabindex=&quot;-1&quot; role=&quot;dialog&quot; class=&quot;ant-modal-wra…&gt;…&lt;/div&gt; from &lt;div&gt;…&lt;/div&gt; subtree intercepts pointer events&#10;retrying click action, attempt #54&#10;  waiting 500ms&#10;  waiting for element to be visible, enabled and stable&#10;  element is visible, enabled and stable&#10;  scrolling into view if needed&#10;  done scrolling&#10;  &lt;div tabindex=&quot;-1&quot; role=&quot;dialog&quot; class=&quot;ant-modal-wra…&gt;…&lt;/div&gt; from &lt;div&gt;…&lt;/div&gt; subtree intercepts pointer events&#10;retrying click action, attempt #55&#10;  waiting 500ms&#10;  waiting for element to be visible, enabled and stable&#10;  element is visible, enabled and stable&#10;  scrolling into view if needed&#10;  done scrolling&#10;  &lt;div tabindex=&quot;-1&quot; role=&quot;dialog&quot; class=&quot;ant-modal-wra…&gt;…&lt;/div&gt; from &lt;div&gt;…&lt;/div&gt; subtree intercepts pointer events&#10;retrying click action, attempt #56&#10;  waiting 500ms&#10;  waiting for element to be visible, enabled and stable&#10;  element is visible, enabled and stable&#10;  scrolling into view if needed&#10;  done scrolling&#10;  &lt;div tabindex=&quot;-1&quot; role=&quot;dialog&quot; class=&quot;ant-modal-wra…&gt;…&lt;/div&gt; from &lt;div&gt;…&lt;/div&gt; subtree intercepts pointer events&#10;retrying click action, attempt #57&#10;  waiting 500ms&#10;  waiting for element to be visible, enabled and stable&#10;  element is visible, enabled and stable&#10;  scrolling into view if needed&#10;  done scrolling&#10;  &lt;div tabindex=&quot;-1&quot; role=&quot;dialog&quot; class=&quot;ant-modal-wra…&gt;…&lt;/div&gt; from &lt;div&gt;…&lt;/div&gt; subtree intercepts pointer events&#10;retrying click action, attempt #58&#10;  waiting 500ms&#10;  waiting for element to be visible, enabled and stable&#10;  element is visible, enabled and stable&#10;  scrolling into view if needed&#10;  done scrolling&#10;  &lt;div tabindex=&quot;-1&quot; role=&quot;dialog&quot; class=&quot;ant-modal-wra…&gt;…&lt;/div&gt; from &lt;div&gt;…&lt;/div&gt; subtree intercepts pointer events&#10;retrying click action, attempt #59&#10;  waiting 500ms&#10;  waiting for element to be visible, enabled and stable&#10;  element is visible, enabled and stable&#10;  scrolling into view if needed&#10;  done scrolling&#10;  &lt;div tabindex=&quot;-1&quot; role=&quot;dialog&quot; class=&quot;ant-modal-wra…&gt;…&lt;/div&gt; from &lt;div&gt;…&lt;/div&gt; subtree intercepts pointer events&#10;retrying click action, attempt #60&#10;  waiting 500ms&#10;============================================================">self = &lt;test_case.test_inventory.TestInventory object at 0x10f7e4e50&gt;
page = &lt;Page url='https://testwww.youpin898.com/stock?gameId=730&amp;tabKey=1'&gt;
price = '0', comment = 'UI自动化上架demo-价格为0'

    @pytest.mark.parametrize(
        "price, comment",
        [("1", "UI自动化上架demo正确上架数字1"),
         ("0", "UI自动化上架demo-价格为0"),
         ("啊啊啊啊", "UI自动化上架demo-价格框输入文字"),
         ("&amp;&amp;&amp;¥%……&amp;*", "UI自动化上架demo-符号"),
         ("-9", "UI自动化上架demo-负数"),
         ],
        ids=["case1", "case2", "case3", "case4", "case5"]
    )
    @allure.story("只卖不租-单个上架")
    def test_grounding_onleysale(self, page, price, comment):
        # 点击我的库存
&gt;       page.locator(InventoryPage.my_inventory).click()

test_case/test_inventory.py:30: 
_ _ _ _ _ _ _ _ _ _ _ _ _ _ _ _ _ _ _ _ _ _ _ _ _ _ _ _ _ _ _ _ _ _ _ _ _ _ _ _ 
venv/lib/python3.10/site-packages/playwright/sync_api/_generated.py:15388: in click
    self._sync(
venv/lib/python3.10/site-packages/playwright/_impl/_locator.py:146: in click
    return await self._frame.click(self._selector, strict=True, **params)
venv/lib/python3.10/site-packages/playwright/_impl/_frame.py:489: in click
    await self._channel.send("click", locals_to_params(locals()))
venv/lib/python3.10/site-packages/playwright/_impl/_connection.py:44: in send
    return await self._connection.wrap_api_call(
venv/lib/python3.10/site-packages/playwright/_impl/_connection.py:419: in wrap_api_call
    return await cb()
_ _ _ _ _ _ _ _ _ _ _ _ _ _ _ _ _ _ _ _ _ _ _ _ _ _ _ _ _ _ _ _ _ _ _ _ _ _ _ _ 

self = &lt;playwright._impl._connection.Channel object at 0x10fbd4280&gt;
method = 'click'
params = {'selector': 'xpath=//html/body/div[2]/div/div/div[1]/div/ul/li[7]/a/span', 'strict': True}
return_as_dict = False

    async def inner_send(
        self, method: str, params: Optional[Dict], return_as_dict: bool
    ) -&gt; Any:
        if params is None:
            params = {}
        callback = self._connection._send_message_to_server(self._guid, method, params)
        if self._connection._error:
            error = self._connection._error
            self._connection._error = None
            raise error
        done, _ = await asyncio.wait(
            {
                self._connection._transport.on_error_future,
                callback.future,
            },
            return_when=asyncio.FIRST_COMPLETED,
        )
        if not callback.future.done():
            callback.future.cancel()
&gt;       result = next(iter(done)).result()
E       playwright._impl._api_types.TimeoutError: Timeout 30000ms exceeded.
E       =========================== logs ===========================
E       waiting for locator("xpath=//html/body/div[2]/div/div/div[1]/div/ul/li[7]/a/span")
E         locator resolved to &lt;span class="f14" data-v-448173c4=""&gt;我的库存&lt;/span&gt;
E       attempting click action
E         waiting for element to be visible, enabled and stable
E         element is visible, enabled and stable
E         scrolling into view if needed
E         done scrolling
E         &lt;div tabindex="-1" role="dialog" class="ant-modal-wra…&gt;…&lt;/div&gt; from &lt;div&gt;…&lt;/div&gt; subtree intercepts pointer events
E       retrying click action, attempt #1
E         waiting for element to be visible, enabled and stable
E         element is visible, enabled and stable
E         scrolling into view if needed
E         done scrolling
E         &lt;div tabindex="-1" role="dialog" class="ant-modal-wra…&gt;…&lt;/div&gt; from &lt;div&gt;…&lt;/div&gt; subtree intercepts pointer events
E       retrying click action, attempt #2
E         waiting 20ms
E         waiting for element to be visible, enabled and stable
E         element is visible, enabled and stable
E         scrolling into view if needed
E         done scrolling
E         &lt;div tabindex="-1" role="dialog" class="ant-modal-wra…&gt;…&lt;/div&gt; from &lt;div&gt;…&lt;/div&gt; subtree intercepts pointer events
E       retrying click action, attempt #3
E         waiting 100ms
E         waiting for element to be visible, enabled and stable
E         element is visible, enabled and stable
E         scrolling into view if needed
E         done scrolling
E         &lt;div tabindex="-1" role="dialog" class="ant-modal-wra…&gt;…&lt;/div&gt; from &lt;div&gt;…&lt;/div&gt; subtree intercepts pointer events
E       retrying click action, attempt #4
E         waiting 100ms
E         waiting for element to be visible, enabled and stable
E         element is visible, enabled and stable
E         scrolling into view if needed
E         done scrolling
E         &lt;div tabindex="-1" role="dialog" class="ant-modal-wra…&gt;…&lt;/div&gt; from &lt;div&gt;…&lt;/div&gt; subtree intercepts pointer events
E       retrying click action, attempt #5
E         waiting 500ms
E         waiting for element to be visible, enabled and stable
E         element is visible, enabled and stable
E         scrolling into view if needed
E         done scrolling
E         &lt;div tabindex="-1" role="dialog" class="ant-modal-wra…&gt;…&lt;/div&gt; from &lt;div&gt;…&lt;/div&gt; subtree intercepts pointer events
E       retrying click action, attempt #6
E         waiting 500ms
E         waiting for element to be visible, enabled and stable
E         element is visible, enabled and stable
E         scrolling into view if needed
E         done scrolling
E         &lt;div tabindex="-1" role="dialog" class="ant-modal-wra…&gt;…&lt;/div&gt; from &lt;div&gt;…&lt;/div&gt; subtree intercepts pointer events
E       retrying click action, attempt #7
E         waiting 500ms
E         waiting for element to be visible, enabled and stable
E         element is visible, enabled and stable
E         scrolling into view if needed
E         done scrolling
E         &lt;div tabindex="-1" role="dialog" class="ant-modal-wra…&gt;…&lt;/div&gt; from &lt;div&gt;…&lt;/div&gt; subtree intercepts pointer events
E       retrying click action, attempt #8
E         waiting 500ms
E         waiting for element to be visible, enabled and stable
E         element is visible, enabled and stable
E         scrolling into view if needed
E         done scrolling
E         &lt;div tabindex="-1" role="dialog" class="ant-modal-wra…&gt;…&lt;/div&gt; from &lt;div&gt;…&lt;/div&gt; subtree intercepts pointer events
E       retrying click action, attempt #9
E         waiting 500ms
E         waiting for element to be visible, enabled and stable
E         element is visible, enabled and stable
E         scrolling into view if needed
E         done scrolling
E         &lt;div tabindex="-1" role="dialog" class="ant-modal-wra…&gt;…&lt;/div&gt; from &lt;div&gt;…&lt;/div&gt; subtree intercepts pointer events
E       retrying click action, attempt #10
E         waiting 500ms
E         waiting for element to be visible, enabled and stable
E         element is visible, enabled and stable
E         scrolling into view if needed
E         done scrolling
E         &lt;div tabindex="-1" role="dialog" class="ant-modal-wra…&gt;…&lt;/div&gt; from &lt;div&gt;…&lt;/div&gt; subtree intercepts pointer events
E       retrying click action, attempt #11
E         waiting 500ms
E         waiting for element to be visible, enabled and stable
E         element is visible, enabled and stable
E         scrolling into view if needed
E         done scrolling
E         &lt;div tabindex="-1" role="dialog" class="ant-modal-wra…&gt;…&lt;/div&gt; from &lt;div&gt;…&lt;/div&gt; subtree intercepts pointer events
E       retrying click action, attempt #12
E         waiting 500ms
E         waiting for element to be visible, enabled and stable
E         element is visible, enabled and stable
E         scrolling into view if needed
E         done scrolling
E         &lt;div tabindex="-1" role="dialog" class="ant-modal-wra…&gt;…&lt;/div&gt; from &lt;div&gt;…&lt;/div&gt; subtree intercepts pointer events
E       retrying click action, attempt #13
E         waiting 500ms
E         waiting for element to be visible, enabled and stable
E         element is visible, enabled and stable
E         scrolling into view if needed
E         done scrolling
E         &lt;div tabindex="-1" role="dialog" class="ant-modal-wra…&gt;…&lt;/div&gt; from &lt;div&gt;…&lt;/div&gt; subtree intercepts pointer events
E       retrying click action, attempt #14
E         waiting 500ms
E         waiting for element to be visible, enabled and stable
E         element is visible, enabled and stable
E         scrolling into view if needed
E         done scrolling
E         &lt;div tabindex="-1" role="dialog" class="ant-modal-wra…&gt;…&lt;/div&gt; from &lt;div&gt;…&lt;/div&gt; subtree intercepts pointer events
E       retrying click action, attempt #15
E         waiting 500ms
E         waiting for element to be visible, enabled and stable
E         element is visible, enabled and stable
E         scrolling into view if needed
E         done scrolling
E         &lt;div tabindex="-1" role="dialog" class="ant-modal-wra…&gt;…&lt;/div&gt; from &lt;div&gt;…&lt;/div&gt; subtree intercepts pointer events
E       retrying click action, attempt #16
E         waiting 500ms
E         waiting for element to be visible, enabled and stable
E         element is visible, enabled and stable
E         scrolling into view if needed
E         done scrolling
E         &lt;div tabindex="-1" role="dialog" class="ant-modal-wra…&gt;…&lt;/div&gt; from &lt;div&gt;…&lt;/div&gt; subtree intercepts pointer events
E       retrying click action, attempt #17
E         waiting 500ms
E         waiting for element to be visible, enabled and stable
E         element is visible, enabled and stable
E         scrolling into view if needed
E         done scrolling
E         &lt;div tabindex="-1" role="dialog" class="ant-modal-wra…&gt;…&lt;/div&gt; from &lt;div&gt;…&lt;/div&gt; subtree intercepts pointer events
E       retrying click action, attempt #18
E         waiting 500ms
E         waiting for element to be visible, enabled and stable
E         element is visible, enabled and stable
E         scrolling into view if needed
E         done scrolling
E         &lt;div tabindex="-1" role="dialog" class="ant-modal-wra…&gt;…&lt;/div&gt; from &lt;div&gt;…&lt;/div&gt; subtree intercepts pointer events
E       retrying click action, attempt #19
E         waiting 500ms
E         waiting for element to be visible, enabled and stable
E         element is visible, enabled and stable
E         scrolling into view if needed
E         done scrolling
E         &lt;div tabindex="-1" role="dialog" class="ant-modal-wra…&gt;…&lt;/div&gt; from &lt;div&gt;…&lt;/div&gt; subtree intercepts pointer events
E       retrying click action, attempt #20
E         waiting 500ms
E         waiting for element to be visible, enabled and stable
E         element is visible, enabled and stable
E         scrolling into view if needed
E         done scrolling
E         &lt;div tabindex="-1" role="dialog" class="ant-modal-wra…&gt;…&lt;/div&gt; from &lt;div&gt;…&lt;/div&gt; subtree intercepts pointer events
E       retrying click action, attempt #21
E         waiting 500ms
E         waiting for element to be visible, enabled and stable
E         element is visible, enabled and stable
E         scrolling into view if needed
E         done scrolling
E         &lt;div tabindex="-1" role="dialog" class="ant-modal-wra…&gt;…&lt;/div&gt; from &lt;div&gt;…&lt;/div&gt; subtree intercepts pointer events
E       retrying click action, attempt #22
E         waiting 500ms
E         waiting for element to be visible, enabled and stable
E         element is visible, enabled and stable
E         scrolling into view if needed
E         done scrolling
E         &lt;div tabindex="-1" role="dialog" class="ant-modal-wra…&gt;…&lt;/div&gt; from &lt;div&gt;…&lt;/div&gt; subtree intercepts pointer events
E       retrying click action, attempt #23
E         waiting 500ms
E         waiting for element to be visible, enabled and stable
E         element is visible, enabled and stable
E         scrolling into view if needed
E         done scrolling
E         &lt;div tabindex="-1" role="dialog" class="ant-modal-wra…&gt;…&lt;/div&gt; from &lt;div&gt;…&lt;/div&gt; subtree intercepts pointer events
E       retrying click action, attempt #24
E         waiting 500ms
E         waiting for element to be visible, enabled and stable
E         element is visible, enabled and stable
E         scrolling into view if needed
E         done scrolling
E         &lt;div tabindex="-1" role="dialog" class="ant-modal-wra…&gt;…&lt;/div&gt; from &lt;div&gt;…&lt;/div&gt; subtree intercepts pointer events
E       retrying click action, attempt #25
E         waiting 500ms
E         waiting for element to be visible, enabled and stable
E         element is visible, enabled and stable
E         scrolling into view if needed
E         done scrolling
E         &lt;div tabindex="-1" role="dialog" class="ant-modal-wra…&gt;…&lt;/div&gt; from &lt;div&gt;…&lt;/div&gt; subtree intercepts pointer events
E       retrying click action, attempt #26
E         waiting 500ms
E         waiting for element to be visible, enabled and stable
E         element is visible, enabled and stable
E         scrolling into view if needed
E         done scrolling
E         &lt;div tabindex="-1" role="dialog" class="ant-modal-wra…&gt;…&lt;/div&gt; from &lt;div&gt;…&lt;/div&gt; subtree intercepts pointer events
E       retrying click action, attempt #27
E         waiting 500ms
E         waiting for element to be visible, enabled and stable
E         element is visible, enabled and stable
E         scrolling into view if needed
E         done scrolling
E         &lt;div tabindex="-1" role="dialog" class="ant-modal-wra…&gt;…&lt;/div&gt; from &lt;div&gt;…&lt;/div&gt; subtree intercepts pointer events
E       retrying click action, attempt #28
E         waiting 500ms
E         waiting for element to be visible, enabled and stable
E         element is visible, enabled and stable
E         scrolling into view if needed
E         done scrolling
E         &lt;div tabindex="-1" role="dialog" class="ant-modal-wra…&gt;…&lt;/div&gt; from &lt;div&gt;…&lt;/div&gt; subtree intercepts pointer events
E       retrying click action, attempt #29
E         waiting 500ms
E         waiting for element to be visible, enabled and stable
E         element is visible, enabled and stable
E         scrolling into view if needed
E         done scrolling
E         &lt;div tabindex="-1" role="dialog" class="ant-modal-wra…&gt;…&lt;/div&gt; from &lt;div&gt;…&lt;/div&gt; subtree intercepts pointer events
E       retrying click action, attempt #30
E         waiting 500ms
E         waiting for element to be visible, enabled and stable
E         element is visible, enabled and stable
E         scrolling into view if needed
E         done scrolling
E         &lt;div tabindex="-1" role="dialog" class="ant-modal-wra…&gt;…&lt;/div&gt; from &lt;div&gt;…&lt;/div&gt; subtree intercepts pointer events
E       retrying click action, attempt #31
E         waiting 500ms
E         waiting for element to be visible, enabled and stable
E         element is visible, enabled and stable
E         scrolling into view if needed
E         done scrolling
E         &lt;div tabindex="-1" role="dialog" class="ant-modal-wra…&gt;…&lt;/div&gt; from &lt;div&gt;…&lt;/div&gt; subtree intercepts pointer events
E       retrying click action, attempt #32
E         waiting 500ms
E         waiting for element to be visible, enabled and stable
E         element is visible, enabled and stable
E         scrolling into view if needed
E         done scrolling
E         &lt;div tabindex="-1" role="dialog" class="ant-modal-wra…&gt;…&lt;/div&gt; from &lt;div&gt;…&lt;/div&gt; subtree intercepts pointer events
E       retrying click action, attempt #33
E         waiting 500ms
E         waiting for element to be visible, enabled and stable
E         element is visible, enabled and stable
E         scrolling into view if needed
E         done scrolling
E         &lt;div tabindex="-1" role="dialog" class="ant-modal-wra…&gt;…&lt;/div&gt; from &lt;div&gt;…&lt;/div&gt; subtree intercepts pointer events
E       retrying click action, attempt #34
E         waiting 500ms
E         waiting for element to be visible, enabled and stable
E         element is visible, enabled and stable
E         scrolling into view if needed
E         done scrolling
E         &lt;div tabindex="-1" role="dialog" class="ant-modal-wra…&gt;…&lt;/div&gt; from &lt;div&gt;…&lt;/div&gt; subtree intercepts pointer events
E       retrying click action, attempt #35
E         waiting 500ms
E         waiting for element to be visible, enabled and stable
E         element is visible, enabled and stable
E         scrolling into view if needed
E         done scrolling
E         &lt;div tabindex="-1" role="dialog" class="ant-modal-wra…&gt;…&lt;/div&gt; from &lt;div&gt;…&lt;/div&gt; subtree intercepts pointer events
E       retrying click action, attempt #36
E         waiting 500ms
E         waiting for element to be visible, enabled and stable
E         element is visible, enabled and stable
E         scrolling into view if needed
E         done scrolling
E         &lt;div tabindex="-1" role="dialog" class="ant-modal-wra…&gt;…&lt;/div&gt; from &lt;div&gt;…&lt;/div&gt; subtree intercepts pointer events
E       retrying click action, attempt #37
E         waiting 500ms
E         waiting for element to be visible, enabled and stable
E         element is visible, enabled and stable
E         scrolling into view if needed
E         done scrolling
E         &lt;div tabindex="-1" role="dialog" class="ant-modal-wra…&gt;…&lt;/div&gt; from &lt;div&gt;…&lt;/div&gt; subtree intercepts pointer events
E       retrying click action, attempt #38
E         waiting 500ms
E         waiting for element to be visible, enabled and stable
E         element is visible, enabled and stable
E         scrolling into view if needed
E         done scrolling
E         &lt;div tabindex="-1" role="dialog" class="ant-modal-wra…&gt;…&lt;/div&gt; from &lt;div&gt;…&lt;/div&gt; subtree intercepts pointer events
E       retrying click action, attempt #39
E         waiting 500ms
E         waiting for element to be visible, enabled and stable
E         element is visible, enabled and stable
E         scrolling into view if needed
E         done scrolling
E         &lt;div tabindex="-1" role="dialog" class="ant-modal-wra…&gt;…&lt;/div&gt; from &lt;div&gt;…&lt;/div&gt; subtree intercepts pointer events
E       retrying click action, attempt #40
E         waiting 500ms
E         waiting for element to be visible, enabled and stable
E         element is visible, enabled and stable
E         scrolling into view if needed
E         done scrolling
E         &lt;div tabindex="-1" role="dialog" class="ant-modal-wra…&gt;…&lt;/div&gt; from &lt;div&gt;…&lt;/div&gt; subtree intercepts pointer events
E       retrying click action, attempt #41
E         waiting 500ms
E         waiting for element to be visible, enabled and stable
E         element is visible, enabled and stable
E         scrolling into view if needed
E         done scrolling
E         &lt;div tabindex="-1" role="dialog" class="ant-modal-wra…&gt;…&lt;/div&gt; from &lt;div&gt;…&lt;/div&gt; subtree intercepts pointer events
E       retrying click action, attempt #42
E         waiting 500ms
E         waiting for element to be visible, enabled and stable
E         element is visible, enabled and stable
E         scrolling into view if needed
E         done scrolling
E         &lt;div tabindex="-1" role="dialog" class="ant-modal-wra…&gt;…&lt;/div&gt; from &lt;div&gt;…&lt;/div&gt; subtree intercepts pointer events
E       retrying click action, attempt #43
E         waiting 500ms
E         waiting for element to be visible, enabled and stable
E         element is visible, enabled and stable
E         scrolling into view if needed
E         done scrolling
E         &lt;div tabindex="-1" role="dialog" class="ant-modal-wra…&gt;…&lt;/div&gt; from &lt;div&gt;…&lt;/div&gt; subtree intercepts pointer events
E       retrying click action, attempt #44
E         waiting 500ms
E         waiting for element to be visible, enabled and stable
E         element is visible, enabled and stable
E         scrolling into view if needed
E         done scrolling
E         &lt;div tabindex="-1" role="dialog" class="ant-modal-wra…&gt;…&lt;/div&gt; from &lt;div&gt;…&lt;/div&gt; subtree intercepts pointer events
E       retrying click action, attempt #45
E         waiting 500ms
E         waiting for element to be visible, enabled and stable
E         element is visible, enabled and stable
E         scrolling into view if needed
E         done scrolling
E         &lt;div tabindex="-1" role="dialog" class="ant-modal-wra…&gt;…&lt;/div&gt; from &lt;div&gt;…&lt;/div&gt; subtree intercepts pointer events
E       retrying click action, attempt #46
E         waiting 500ms
E         waiting for element to be visible, enabled and stable
E         element is visible, enabled and stable
E         scrolling into view if needed
E         done scrolling
E         &lt;div tabindex="-1" role="dialog" class="ant-modal-wra…&gt;…&lt;/div&gt; from &lt;div&gt;…&lt;/div&gt; subtree intercepts pointer events
E       retrying click action, attempt #47
E         waiting 500ms
E         waiting for element to be visible, enabled and stable
E         element is visible, enabled and stable
E         scrolling into view if needed
E         done scrolling
E         &lt;div tabindex="-1" role="dialog" class="ant-modal-wra…&gt;…&lt;/div&gt; from &lt;div&gt;…&lt;/div&gt; subtree intercepts pointer events
E       retrying click action, attempt #48
E         waiting 500ms
E         waiting for element to be visible, enabled and stable
E         element is visible, enabled and stable
E         scrolling into view if needed
E         done scrolling
E         &lt;div tabindex="-1" role="dialog" class="ant-modal-wra…&gt;…&lt;/div&gt; from &lt;div&gt;…&lt;/div&gt; subtree intercepts pointer events
E       retrying click action, attempt #49
E         waiting 500ms
E         waiting for element to be visible, enabled and stable
E         element is visible, enabled and stable
E         scrolling into view if needed
E         done scrolling
E         &lt;div tabindex="-1" role="dialog" class="ant-modal-wra…&gt;…&lt;/div&gt; from &lt;div&gt;…&lt;/div&gt; subtree intercepts pointer events
E       retrying click action, attempt #50
E         waiting 500ms
E         waiting for element to be visible, enabled and stable
E         element is visible, enabled and stable
E         scrolling into view if needed
E         done scrolling
E         &lt;div tabindex="-1" role="dialog" class="ant-modal-wra…&gt;…&lt;/div&gt; from &lt;div&gt;…&lt;/div&gt; subtree intercepts pointer events
E       retrying click action, attempt #51
E         waiting 500ms
E         waiting for element to be visible, enabled and stable
E         element is visible, enabled and stable
E         scrolling into view if needed
E         done scrolling
E         &lt;div tabindex="-1" role="dialog" class="ant-modal-wra…&gt;…&lt;/div&gt; from &lt;div&gt;…&lt;/div&gt; subtree intercepts pointer events
E       retrying click action, attempt #52
E         waiting 500ms
E         waiting for element to be visible, enabled and stable
E         element is visible, enabled and stable
E         scrolling into view if needed
E         done scrolling
E         &lt;div tabindex="-1" role="dialog" class="ant-modal-wra…&gt;…&lt;/div&gt; from &lt;div&gt;…&lt;/div&gt; subtree intercepts pointer events
E       retrying click action, attempt #53
E         waiting 500ms
E         waiting for element to be visible, enabled and stable
E         element is visible, enabled and stable
E         scrolling into view if needed
E         done scrolling
E         &lt;div tabindex="-1" role="dialog" class="ant-modal-wra…&gt;…&lt;/div&gt; from &lt;div&gt;…&lt;/div&gt; subtree intercepts pointer events
E       retrying click action, attempt #54
E         waiting 500ms
E         waiting for element to be visible, enabled and stable
E         element is visible, enabled and stable
E         scrolling into view if needed
E         done scrolling
E         &lt;div tabindex="-1" role="dialog" class="ant-modal-wra…&gt;…&lt;/div&gt; from &lt;div&gt;…&lt;/div&gt; subtree intercepts pointer events
E       retrying click action, attempt #55
E         waiting 500ms
E         waiting for element to be visible, enabled and stable
E         element is visible, enabled and stable
E         scrolling into view if needed
E         done scrolling
E         &lt;div tabindex="-1" role="dialog" class="ant-modal-wra…&gt;…&lt;/div&gt; from &lt;div&gt;…&lt;/div&gt; subtree intercepts pointer events
E       retrying click action, attempt #56
E         waiting 500ms
E         waiting for element to be visible, enabled and stable
E         element is visible, enabled and stable
E         scrolling into view if needed
E         done scrolling
E         &lt;div tabindex="-1" role="dialog" class="ant-modal-wra…&gt;…&lt;/div&gt; from &lt;div&gt;…&lt;/div&gt; subtree intercepts pointer events
E       retrying click action, attempt #57
E         waiting 500ms
E         waiting for element to be visible, enabled and stable
E         element is visible, enabled and stable
E         scrolling into view if needed
E         done scrolling
E         &lt;div tabindex="-1" role="dialog" class="ant-modal-wra…&gt;…&lt;/div&gt; from &lt;div&gt;…&lt;/div&gt; subtree intercepts pointer events
E       retrying click action, attempt #58
E         waiting 500ms
E         waiting for element to be visible, enabled and stable
E         element is visible, enabled and stable
E         scrolling into view if needed
E         done scrolling
E         &lt;div tabindex="-1" role="dialog" class="ant-modal-wra…&gt;…&lt;/div&gt; from &lt;div&gt;…&lt;/div&gt; subtree intercepts pointer events
E       retrying click action, attempt #59
E         waiting 500ms
E         waiting for element to be visible, enabled and stable
E         element is visible, enabled and stable
E         scrolling into view if needed
E         done scrolling
E         &lt;div tabindex="-1" role="dialog" class="ant-modal-wra…&gt;…&lt;/div&gt; from &lt;div&gt;…&lt;/div&gt; subtree intercepts pointer events
E       retrying click action, attempt #60
E         waiting 500ms
E       ============================================================

venv/lib/python3.10/site-packages/playwright/_impl/_connection.py:79: TimeoutError</failure></testcase><testcase classname="test_case.test_inventory.TestInventory" name="test_grounding_onleysale[case3]" time="30.009"><failure message="playwright._impl._api_types.TimeoutError: Timeout 30000ms exceeded.&#10;=========================== logs ===========================&#10;waiting for locator(&quot;xpath=//html/body/div[2]/div/div/div[1]/div/ul/li[7]/a/span&quot;)&#10;  locator resolved to &lt;span class=&quot;f14&quot; data-v-448173c4=&quot;&quot;&gt;我的库存&lt;/span&gt;&#10;attempting click action&#10;  waiting for element to be visible, enabled and stable&#10;  element is visible, enabled and stable&#10;  scrolling into view if needed&#10;  done scrolling&#10;  &lt;div tabindex=&quot;-1&quot; role=&quot;dialog&quot; class=&quot;ant-modal-wra…&gt;…&lt;/div&gt; from &lt;div&gt;…&lt;/div&gt; subtree intercepts pointer events&#10;retrying click action, attempt #1&#10;  waiting for element to be visible, enabled and stable&#10;  element is visible, enabled and stable&#10;  scrolling into view if needed&#10;  done scrolling&#10;  &lt;div tabindex=&quot;-1&quot; role=&quot;dialog&quot; class=&quot;ant-modal-wra…&gt;…&lt;/div&gt; from &lt;div&gt;…&lt;/div&gt; subtree intercepts pointer events&#10;retrying click action, attempt #2&#10;  waiting 20ms&#10;  waiting for element to be visible, enabled and stable&#10;  element is visible, enabled and stable&#10;  scrolling into view if needed&#10;  done scrolling&#10;  &lt;div tabindex=&quot;-1&quot; role=&quot;dialog&quot; class=&quot;ant-modal-wra…&gt;…&lt;/div&gt; from &lt;div&gt;…&lt;/div&gt; subtree intercepts pointer events&#10;retrying click action, attempt #3&#10;  waiting 100ms&#10;  waiting for element to be visible, enabled and stable&#10;  element is visible, enabled and stable&#10;  scrolling into view if needed&#10;  done scrolling&#10;  &lt;div tabindex=&quot;-1&quot; role=&quot;dialog&quot; class=&quot;ant-modal-wra…&gt;…&lt;/div&gt; from &lt;div&gt;…&lt;/div&gt; subtree intercepts pointer events&#10;retrying click action, attempt #4&#10;  waiting 100ms&#10;  waiting for element to be visible, enabled and stable&#10;  element is visible, enabled and stable&#10;  scrolling into view if needed&#10;  done scrolling&#10;  &lt;div tabindex=&quot;-1&quot; role=&quot;dialog&quot; class=&quot;ant-modal-wra…&gt;…&lt;/div&gt; from &lt;div&gt;…&lt;/div&gt; subtree intercepts pointer events&#10;retrying click action, attempt #5&#10;  waiting 500ms&#10;  waiting for element to be visible, enabled and stable&#10;  element is visible, enabled and stable&#10;  scrolling into view if needed&#10;  done scrolling&#10;  &lt;div tabindex=&quot;-1&quot; role=&quot;dialog&quot; class=&quot;ant-modal-wra…&gt;…&lt;/div&gt; from &lt;div&gt;…&lt;/div&gt; subtree intercepts pointer events&#10;retrying click action, attempt #6&#10;  waiting 500ms&#10;  waiting for element to be visible, enabled and stable&#10;  element is visible, enabled and stable&#10;  scrolling into view if needed&#10;  done scrolling&#10;  &lt;div tabindex=&quot;-1&quot; role=&quot;dialog&quot; class=&quot;ant-modal-wra…&gt;…&lt;/div&gt; from &lt;div&gt;…&lt;/div&gt; subtree intercepts pointer events&#10;retrying click action, attempt #7&#10;  waiting 500ms&#10;  waiting for element to be visible, enabled and stable&#10;  element is visible, enabled and stable&#10;  scrolling into view if needed&#10;  done scrolling&#10;  &lt;div tabindex=&quot;-1&quot; role=&quot;dialog&quot; class=&quot;ant-modal-wra…&gt;…&lt;/div&gt; from &lt;div&gt;…&lt;/div&gt; subtree intercepts pointer events&#10;retrying click action, attempt #8&#10;  waiting 500ms&#10;  waiting for element to be visible, enabled and stable&#10;  element is visible, enabled and stable&#10;  scrolling into view if needed&#10;  done scrolling&#10;  &lt;div tabindex=&quot;-1&quot; role=&quot;dialog&quot; class=&quot;ant-modal-wra…&gt;…&lt;/div&gt; from &lt;div&gt;…&lt;/div&gt; subtree intercepts pointer events&#10;retrying click action, attempt #9&#10;  waiting 500ms&#10;  waiting for element to be visible, enabled and stable&#10;  element is visible, enabled and stable&#10;  scrolling into view if needed&#10;  done scrolling&#10;  &lt;div tabindex=&quot;-1&quot; role=&quot;dialog&quot; class=&quot;ant-modal-wra…&gt;…&lt;/div&gt; from &lt;div&gt;…&lt;/div&gt; subtree intercepts pointer events&#10;retrying click action, attempt #10&#10;  waiting 500ms&#10;  waiting for element to be visible, enabled and stable&#10;  element is visible, enabled and stable&#10;  scrolling into view if needed&#10;  done scrolling&#10;  &lt;div tabindex=&quot;-1&quot; role=&quot;dialog&quot; class=&quot;ant-modal-wra…&gt;…&lt;/div&gt; from &lt;div&gt;…&lt;/div&gt; subtree intercepts pointer events&#10;retrying click action, attempt #11&#10;  waiting 500ms&#10;  waiting for element to be visible, enabled and stable&#10;  element is visible, enabled and stable&#10;  scrolling into view if needed&#10;  done scrolling&#10;  &lt;div tabindex=&quot;-1&quot; role=&quot;dialog&quot; class=&quot;ant-modal-wra…&gt;…&lt;/div&gt; from &lt;div&gt;…&lt;/div&gt; subtree intercepts pointer events&#10;retrying click action, attempt #12&#10;  waiting 500ms&#10;  waiting for element to be visible, enabled and stable&#10;  element is visible, enabled and stable&#10;  scrolling into view if needed&#10;  done scrolling&#10;  &lt;div tabindex=&quot;-1&quot; role=&quot;dialog&quot; class=&quot;ant-modal-wra…&gt;…&lt;/div&gt; from &lt;div&gt;…&lt;/div&gt; subtree intercepts pointer events&#10;retrying click action, attempt #13&#10;  waiting 500ms&#10;  waiting for element to be visible, enabled and stable&#10;  element is visible, enabled and stable&#10;  scrolling into view if needed&#10;  done scrolling&#10;  &lt;div tabindex=&quot;-1&quot; role=&quot;dialog&quot; class=&quot;ant-modal-wra…&gt;…&lt;/div&gt; from &lt;div&gt;…&lt;/div&gt; subtree intercepts pointer events&#10;retrying click action, attempt #14&#10;  waiting 500ms&#10;  waiting for element to be visible, enabled and stable&#10;  element is visible, enabled and stable&#10;  scrolling into view if needed&#10;  done scrolling&#10;  &lt;div tabindex=&quot;-1&quot; role=&quot;dialog&quot; class=&quot;ant-modal-wra…&gt;…&lt;/div&gt; from &lt;div&gt;…&lt;/div&gt; subtree intercepts pointer events&#10;retrying click action, attempt #15&#10;  waiting 500ms&#10;  waiting for element to be visible, enabled and stable&#10;  element is visible, enabled and stable&#10;  scrolling into view if needed&#10;  done scrolling&#10;  &lt;div tabindex=&quot;-1&quot; role=&quot;dialog&quot; class=&quot;ant-modal-wra…&gt;…&lt;/div&gt; from &lt;div&gt;…&lt;/div&gt; subtree intercepts pointer events&#10;retrying click action, attempt #16&#10;  waiting 500ms&#10;  waiting for element to be visible, enabled and stable&#10;  element is visible, enabled and stable&#10;  scrolling into view if needed&#10;  done scrolling&#10;  &lt;div tabindex=&quot;-1&quot; role=&quot;dialog&quot; class=&quot;ant-modal-wra…&gt;…&lt;/div&gt; from &lt;div&gt;…&lt;/div&gt; subtree intercepts pointer events&#10;retrying click action, attempt #17&#10;  waiting 500ms&#10;  waiting for element to be visible, enabled and stable&#10;  element is visible, enabled and stable&#10;  scrolling into view if needed&#10;  done scrolling&#10;  &lt;div tabindex=&quot;-1&quot; role=&quot;dialog&quot; class=&quot;ant-modal-wra…&gt;…&lt;/div&gt; from &lt;div&gt;…&lt;/div&gt; subtree intercepts pointer events&#10;retrying click action, attempt #18&#10;  waiting 500ms&#10;  waiting for element to be visible, enabled and stable&#10;  element is visible, enabled and stable&#10;  scrolling into view if needed&#10;  done scrolling&#10;  &lt;div tabindex=&quot;-1&quot; role=&quot;dialog&quot; class=&quot;ant-modal-wra…&gt;…&lt;/div&gt; from &lt;div&gt;…&lt;/div&gt; subtree intercepts pointer events&#10;retrying click action, attempt #19&#10;  waiting 500ms&#10;  waiting for element to be visible, enabled and stable&#10;  element is visible, enabled and stable&#10;  scrolling into view if needed&#10;  done scrolling&#10;  &lt;div tabindex=&quot;-1&quot; role=&quot;dialog&quot; class=&quot;ant-modal-wra…&gt;…&lt;/div&gt; from &lt;div&gt;…&lt;/div&gt; subtree intercepts pointer events&#10;retrying click action, attempt #20&#10;  waiting 500ms&#10;  waiting for element to be visible, enabled and stable&#10;  element is visible, enabled and stable&#10;  scrolling into view if needed&#10;  done scrolling&#10;  &lt;div tabindex=&quot;-1&quot; role=&quot;dialog&quot; class=&quot;ant-modal-wra…&gt;…&lt;/div&gt; from &lt;div&gt;…&lt;/div&gt; subtree intercepts pointer events&#10;retrying click action, attempt #21&#10;  waiting 500ms&#10;  waiting for element to be visible, enabled and stable&#10;  element is visible, enabled and stable&#10;  scrolling into view if needed&#10;  done scrolling&#10;  &lt;div tabindex=&quot;-1&quot; role=&quot;dialog&quot; class=&quot;ant-modal-wra…&gt;…&lt;/div&gt; from &lt;div&gt;…&lt;/div&gt; subtree intercepts pointer events&#10;retrying click action, attempt #22&#10;  waiting 500ms&#10;  waiting for element to be visible, enabled and stable&#10;  element is visible, enabled and stable&#10;  scrolling into view if needed&#10;  done scrolling&#10;  &lt;div tabindex=&quot;-1&quot; role=&quot;dialog&quot; class=&quot;ant-modal-wra…&gt;…&lt;/div&gt; from &lt;div&gt;…&lt;/div&gt; subtree intercepts pointer events&#10;retrying click action, attempt #23&#10;  waiting 500ms&#10;  waiting for element to be visible, enabled and stable&#10;  element is visible, enabled and stable&#10;  scrolling into view if needed&#10;  done scrolling&#10;  &lt;div tabindex=&quot;-1&quot; role=&quot;dialog&quot; class=&quot;ant-modal-wra…&gt;…&lt;/div&gt; from &lt;div&gt;…&lt;/div&gt; subtree intercepts pointer events&#10;retrying click action, attempt #24&#10;  waiting 500ms&#10;  waiting for element to be visible, enabled and stable&#10;  element is visible, enabled and stable&#10;  scrolling into view if needed&#10;  done scrolling&#10;  &lt;div tabindex=&quot;-1&quot; role=&quot;dialog&quot; class=&quot;ant-modal-wra…&gt;…&lt;/div&gt; from &lt;div&gt;…&lt;/div&gt; subtree intercepts pointer events&#10;retrying click action, attempt #25&#10;  waiting 500ms&#10;  waiting for element to be visible, enabled and stable&#10;  element is visible, enabled and stable&#10;  scrolling into view if needed&#10;  done scrolling&#10;  &lt;div tabindex=&quot;-1&quot; role=&quot;dialog&quot; class=&quot;ant-modal-wra…&gt;…&lt;/div&gt; from &lt;div&gt;…&lt;/div&gt; subtree intercepts pointer events&#10;retrying click action, attempt #26&#10;  waiting 500ms&#10;  waiting for element to be visible, enabled and stable&#10;  element is visible, enabled and stable&#10;  scrolling into view if needed&#10;  done scrolling&#10;  &lt;div tabindex=&quot;-1&quot; role=&quot;dialog&quot; class=&quot;ant-modal-wra…&gt;…&lt;/div&gt; from &lt;div&gt;…&lt;/div&gt; subtree intercepts pointer events&#10;retrying click action, attempt #27&#10;  waiting 500ms&#10;  waiting for element to be visible, enabled and stable&#10;  element is visible, enabled and stable&#10;  scrolling into view if needed&#10;  done scrolling&#10;  &lt;div tabindex=&quot;-1&quot; role=&quot;dialog&quot; class=&quot;ant-modal-wra…&gt;…&lt;/div&gt; from &lt;div&gt;…&lt;/div&gt; subtree intercepts pointer events&#10;retrying click action, attempt #28&#10;  waiting 500ms&#10;  waiting for element to be visible, enabled and stable&#10;  element is visible, enabled and stable&#10;  scrolling into view if needed&#10;  done scrolling&#10;  &lt;div tabindex=&quot;-1&quot; role=&quot;dialog&quot; class=&quot;ant-modal-wra…&gt;…&lt;/div&gt; from &lt;div&gt;…&lt;/div&gt; subtree intercepts pointer events&#10;retrying click action, attempt #29&#10;  waiting 500ms&#10;  waiting for element to be visible, enabled and stable&#10;  element is visible, enabled and stable&#10;  scrolling into view if needed&#10;  done scrolling&#10;  &lt;div tabindex=&quot;-1&quot; role=&quot;dialog&quot; class=&quot;ant-modal-wra…&gt;…&lt;/div&gt; from &lt;div&gt;…&lt;/div&gt; subtree intercepts pointer events&#10;retrying click action, attempt #30&#10;  waiting 500ms&#10;  waiting for element to be visible, enabled and stable&#10;  element is visible, enabled and stable&#10;  scrolling into view if needed&#10;  done scrolling&#10;  &lt;div tabindex=&quot;-1&quot; role=&quot;dialog&quot; class=&quot;ant-modal-wra…&gt;…&lt;/div&gt; from &lt;div&gt;…&lt;/div&gt; subtree intercepts pointer events&#10;retrying click action, attempt #31&#10;  waiting 500ms&#10;  waiting for element to be visible, enabled and stable&#10;  element is visible, enabled and stable&#10;  scrolling into view if needed&#10;  done scrolling&#10;  &lt;div tabindex=&quot;-1&quot; role=&quot;dialog&quot; class=&quot;ant-modal-wra…&gt;…&lt;/div&gt; from &lt;div&gt;…&lt;/div&gt; subtree intercepts pointer events&#10;retrying click action, attempt #32&#10;  waiting 500ms&#10;  waiting for element to be visible, enabled and stable&#10;  element is visible, enabled and stable&#10;  scrolling into view if needed&#10;  done scrolling&#10;  &lt;div tabindex=&quot;-1&quot; role=&quot;dialog&quot; class=&quot;ant-modal-wra…&gt;…&lt;/div&gt; from &lt;div&gt;…&lt;/div&gt; subtree intercepts pointer events&#10;retrying click action, attempt #33&#10;  waiting 500ms&#10;  waiting for element to be visible, enabled and stable&#10;  element is visible, enabled and stable&#10;  scrolling into view if needed&#10;  done scrolling&#10;  &lt;div tabindex=&quot;-1&quot; role=&quot;dialog&quot; class=&quot;ant-modal-wra…&gt;…&lt;/div&gt; from &lt;div&gt;…&lt;/div&gt; subtree intercepts pointer events&#10;retrying click action, attempt #34&#10;  waiting 500ms&#10;  waiting for element to be visible, enabled and stable&#10;  element is visible, enabled and stable&#10;  scrolling into view if needed&#10;  done scrolling&#10;  &lt;div tabindex=&quot;-1&quot; role=&quot;dialog&quot; class=&quot;ant-modal-wra…&gt;…&lt;/div&gt; from &lt;div&gt;…&lt;/div&gt; subtree intercepts pointer events&#10;retrying click action, attempt #35&#10;  waiting 500ms&#10;  waiting for element to be visible, enabled and stable&#10;  element is visible, enabled and stable&#10;  scrolling into view if needed&#10;  done scrolling&#10;  &lt;div tabindex=&quot;-1&quot; role=&quot;dialog&quot; class=&quot;ant-modal-wra…&gt;…&lt;/div&gt; from &lt;div&gt;…&lt;/div&gt; subtree intercepts pointer events&#10;retrying click action, attempt #36&#10;  waiting 500ms&#10;  waiting for element to be visible, enabled and stable&#10;  element is visible, enabled and stable&#10;  scrolling into view if needed&#10;  done scrolling&#10;  &lt;div tabindex=&quot;-1&quot; role=&quot;dialog&quot; class=&quot;ant-modal-wra…&gt;…&lt;/div&gt; from &lt;div&gt;…&lt;/div&gt; subtree intercepts pointer events&#10;retrying click action, attempt #37&#10;  waiting 500ms&#10;  waiting for element to be visible, enabled and stable&#10;  element is visible, enabled and stable&#10;  scrolling into view if needed&#10;  done scrolling&#10;  &lt;div tabindex=&quot;-1&quot; role=&quot;dialog&quot; class=&quot;ant-modal-wra…&gt;…&lt;/div&gt; from &lt;div&gt;…&lt;/div&gt; subtree intercepts pointer events&#10;retrying click action, attempt #38&#10;  waiting 500ms&#10;  waiting for element to be visible, enabled and stable&#10;  element is visible, enabled and stable&#10;  scrolling into view if needed&#10;  done scrolling&#10;  &lt;div tabindex=&quot;-1&quot; role=&quot;dialog&quot; class=&quot;ant-modal-wra…&gt;…&lt;/div&gt; from &lt;div&gt;…&lt;/div&gt; subtree intercepts pointer events&#10;retrying click action, attempt #39&#10;  waiting 500ms&#10;  waiting for element to be visible, enabled and stable&#10;  element is visible, enabled and stable&#10;  scrolling into view if needed&#10;  done scrolling&#10;  &lt;div tabindex=&quot;-1&quot; role=&quot;dialog&quot; class=&quot;ant-modal-wra…&gt;…&lt;/div&gt; from &lt;div&gt;…&lt;/div&gt; subtree intercepts pointer events&#10;retrying click action, attempt #40&#10;  waiting 500ms&#10;  waiting for element to be visible, enabled and stable&#10;  element is visible, enabled and stable&#10;  scrolling into view if needed&#10;  done scrolling&#10;  &lt;div tabindex=&quot;-1&quot; role=&quot;dialog&quot; class=&quot;ant-modal-wra…&gt;…&lt;/div&gt; from &lt;div&gt;…&lt;/div&gt; subtree intercepts pointer events&#10;retrying click action, attempt #41&#10;  waiting 500ms&#10;  waiting for element to be visible, enabled and stable&#10;  element is visible, enabled and stable&#10;  scrolling into view if needed&#10;  done scrolling&#10;  &lt;div tabindex=&quot;-1&quot; role=&quot;dialog&quot; class=&quot;ant-modal-wra…&gt;…&lt;/div&gt; from &lt;div&gt;…&lt;/div&gt; subtree intercepts pointer events&#10;retrying click action, attempt #42&#10;  waiting 500ms&#10;  waiting for element to be visible, enabled and stable&#10;  element is visible, enabled and stable&#10;  scrolling into view if needed&#10;  done scrolling&#10;  &lt;div tabindex=&quot;-1&quot; role=&quot;dialog&quot; class=&quot;ant-modal-wra…&gt;…&lt;/div&gt; from &lt;div&gt;…&lt;/div&gt; subtree intercepts pointer events&#10;retrying click action, attempt #43&#10;  waiting 500ms&#10;  waiting for element to be visible, enabled and stable&#10;  element is visible, enabled and stable&#10;  scrolling into view if needed&#10;  done scrolling&#10;  &lt;div tabindex=&quot;-1&quot; role=&quot;dialog&quot; class=&quot;ant-modal-wra…&gt;…&lt;/div&gt; from &lt;div&gt;…&lt;/div&gt; subtree intercepts pointer events&#10;retrying click action, attempt #44&#10;  waiting 500ms&#10;  waiting for element to be visible, enabled and stable&#10;  element is visible, enabled and stable&#10;  scrolling into view if needed&#10;  done scrolling&#10;  &lt;div tabindex=&quot;-1&quot; role=&quot;dialog&quot; class=&quot;ant-modal-wra…&gt;…&lt;/div&gt; from &lt;div&gt;…&lt;/div&gt; subtree intercepts pointer events&#10;retrying click action, attempt #45&#10;  waiting 500ms&#10;  waiting for element to be visible, enabled and stable&#10;  element is visible, enabled and stable&#10;  scrolling into view if needed&#10;  done scrolling&#10;  &lt;div tabindex=&quot;-1&quot; role=&quot;dialog&quot; class=&quot;ant-modal-wra…&gt;…&lt;/div&gt; from &lt;div&gt;…&lt;/div&gt; subtree intercepts pointer events&#10;retrying click action, attempt #46&#10;  waiting 500ms&#10;  waiting for element to be visible, enabled and stable&#10;  element is visible, enabled and stable&#10;  scrolling into view if needed&#10;  done scrolling&#10;  &lt;div tabindex=&quot;-1&quot; role=&quot;dialog&quot; class=&quot;ant-modal-wra…&gt;…&lt;/div&gt; from &lt;div&gt;…&lt;/div&gt; subtree intercepts pointer events&#10;retrying click action, attempt #47&#10;  waiting 500ms&#10;  waiting for element to be visible, enabled and stable&#10;  element is visible, enabled and stable&#10;  scrolling into view if needed&#10;  done scrolling&#10;  &lt;div tabindex=&quot;-1&quot; role=&quot;dialog&quot; class=&quot;ant-modal-wra…&gt;…&lt;/div&gt; from &lt;div&gt;…&lt;/div&gt; subtree intercepts pointer events&#10;retrying click action, attempt #48&#10;  waiting 500ms&#10;  waiting for element to be visible, enabled and stable&#10;  element is visible, enabled and stable&#10;  scrolling into view if needed&#10;  done scrolling&#10;  &lt;div tabindex=&quot;-1&quot; role=&quot;dialog&quot; class=&quot;ant-modal-wra…&gt;…&lt;/div&gt; from &lt;div&gt;…&lt;/div&gt; subtree intercepts pointer events&#10;retrying click action, attempt #49&#10;  waiting 500ms&#10;  waiting for element to be visible, enabled and stable&#10;  element is visible, enabled and stable&#10;  scrolling into view if needed&#10;  done scrolling&#10;  &lt;div tabindex=&quot;-1&quot; role=&quot;dialog&quot; class=&quot;ant-modal-wra…&gt;…&lt;/div&gt; from &lt;div&gt;…&lt;/div&gt; subtree intercepts pointer events&#10;retrying click action, attempt #50&#10;  waiting 500ms&#10;  waiting for element to be visible, enabled and stable&#10;  element is visible, enabled and stable&#10;  scrolling into view if needed&#10;  done scrolling&#10;  &lt;div tabindex=&quot;-1&quot; role=&quot;dialog&quot; class=&quot;ant-modal-wra…&gt;…&lt;/div&gt; from &lt;div&gt;…&lt;/div&gt; subtree intercepts pointer events&#10;retrying click action, attempt #51&#10;  waiting 500ms&#10;  waiting for element to be visible, enabled and stable&#10;  element is visible, enabled and stable&#10;  scrolling into view if needed&#10;  done scrolling&#10;  &lt;div tabindex=&quot;-1&quot; role=&quot;dialog&quot; class=&quot;ant-modal-wra…&gt;…&lt;/div&gt; from &lt;div&gt;…&lt;/div&gt; subtree intercepts pointer events&#10;retrying click action, attempt #52&#10;  waiting 500ms&#10;  waiting for element to be visible, enabled and stable&#10;  element is visible, enabled and stable&#10;  scrolling into view if needed&#10;  done scrolling&#10;  &lt;div tabindex=&quot;-1&quot; role=&quot;dialog&quot; class=&quot;ant-modal-wra…&gt;…&lt;/div&gt; from &lt;div&gt;…&lt;/div&gt; subtree intercepts pointer events&#10;retrying click action, attempt #53&#10;  waiting 500ms&#10;  waiting for element to be visible, enabled and stable&#10;  element is visible, enabled and stable&#10;  scrolling into view if needed&#10;  done scrolling&#10;  &lt;div tabindex=&quot;-1&quot; role=&quot;dialog&quot; class=&quot;ant-modal-wra…&gt;…&lt;/div&gt; from &lt;div&gt;…&lt;/div&gt; subtree intercepts pointer events&#10;retrying click action, attempt #54&#10;  waiting 500ms&#10;  waiting for element to be visible, enabled and stable&#10;  element is visible, enabled and stable&#10;  scrolling into view if needed&#10;  done scrolling&#10;  &lt;div tabindex=&quot;-1&quot; role=&quot;dialog&quot; class=&quot;ant-modal-wra…&gt;…&lt;/div&gt; from &lt;div&gt;…&lt;/div&gt; subtree intercepts pointer events&#10;retrying click action, attempt #55&#10;  waiting 500ms&#10;  waiting for element to be visible, enabled and stable&#10;  element is visible, enabled and stable&#10;  scrolling into view if needed&#10;  done scrolling&#10;  &lt;div tabindex=&quot;-1&quot; role=&quot;dialog&quot; class=&quot;ant-modal-wra…&gt;…&lt;/div&gt; from &lt;div&gt;…&lt;/div&gt; subtree intercepts pointer events&#10;retrying click action, attempt #56&#10;  waiting 500ms&#10;  waiting for element to be visible, enabled and stable&#10;  element is visible, enabled and stable&#10;  scrolling into view if needed&#10;  done scrolling&#10;  &lt;div tabindex=&quot;-1&quot; role=&quot;dialog&quot; class=&quot;ant-modal-wra…&gt;…&lt;/div&gt; from &lt;div&gt;…&lt;/div&gt; subtree intercepts pointer events&#10;retrying click action, attempt #57&#10;  waiting 500ms&#10;  waiting for element to be visible, enabled and stable&#10;  element is visible, enabled and stable&#10;  scrolling into view if needed&#10;  done scrolling&#10;  &lt;div tabindex=&quot;-1&quot; role=&quot;dialog&quot; class=&quot;ant-modal-wra…&gt;…&lt;/div&gt; from &lt;div&gt;…&lt;/div&gt; subtree intercepts pointer events&#10;retrying click action, attempt #58&#10;  waiting 500ms&#10;  waiting for element to be visible, enabled and stable&#10;  element is visible, enabled and stable&#10;  scrolling into view if needed&#10;  done scrolling&#10;  &lt;div tabindex=&quot;-1&quot; role=&quot;dialog&quot; class=&quot;ant-modal-wra…&gt;…&lt;/div&gt; from &lt;div&gt;…&lt;/div&gt; subtree intercepts pointer events&#10;retrying click action, attempt #59&#10;  waiting 500ms&#10;  waiting for element to be visible, enabled and stable&#10;  element is visible, enabled and stable&#10;  scrolling into view if needed&#10;  done scrolling&#10;  &lt;div tabindex=&quot;-1&quot; role=&quot;dialog&quot; class=&quot;ant-modal-wra…&gt;…&lt;/div&gt; from &lt;div&gt;…&lt;/div&gt; subtree intercepts pointer events&#10;retrying click action, attempt #60&#10;  waiting 500ms&#10;  waiting for element to be visible, enabled and stable&#10;  element is visible, enabled and stable&#10;  scrolling into view if needed&#10;  done scrolling&#10;  &lt;div tabindex=&quot;-1&quot; role=&quot;dialog&quot; class=&quot;ant-modal-wra…&gt;…&lt;/div&gt; from &lt;div&gt;…&lt;/div&gt; subtree intercepts pointer events&#10;retrying click action, attempt #61&#10;  waiting 500ms&#10;============================================================">self = &lt;test_case.test_inventory.TestInventory object at 0x10f7e4ee0&gt;
page = &lt;Page url='https://testwww.youpin898.com/stock?gameId=730&amp;tabKey=1'&gt;
price = '啊啊啊啊', comment = 'UI自动化上架demo-价格框输入文字'

    @pytest.mark.parametrize(
        "price, comment",
        [("1", "UI自动化上架demo正确上架数字1"),
         ("0", "UI自动化上架demo-价格为0"),
         ("啊啊啊啊", "UI自动化上架demo-价格框输入文字"),
         ("&amp;&amp;&amp;¥%……&amp;*", "UI自动化上架demo-符号"),
         ("-9", "UI自动化上架demo-负数"),
         ],
[...]
E         scrolling into view if needed
E         done scrolling
E         &lt;div tabindex="-1" role="dialog" class="ant-modal-wra…&gt;…&lt;/div&gt; from &lt;div&gt;…&lt;/div&gt; subtree intercepts pointer events
E       retrying click action, attempt #26
E         waiting 500ms
E         waiting for element to be visible, enabled and stable
E         element is visible, enabled and stable
E         scrolling into view if needed
E         done scrolling
E         &lt;div tabindex="-1" role="dialog" class="ant-modal-wra…&gt;…&lt;/div&gt; from &lt;div&gt;…&lt;/div&gt; subtree intercepts pointer events
E       retrying click action, attempt #27
E         waiting 500ms
E         waiting for element to be visible, enabled and stable
E         element is visible, enabled and stable
E         scrolling into view if needed
E         done scrolling
E         &lt;div tabindex="-1" role="dialog" class="ant-modal-wra…&gt;…&lt;/div&gt; from &lt;div&gt;…&lt;/div&gt; subtree intercepts pointer events
E       retrying click action, attempt #28
E         waiting 500ms
E         waiting for element to be visible, enabled and stable
E         element is visible, enabled and stable
E         scrolling into view if needed
E         done scrolling
E         &lt;div tabindex="-1" role="dialog" class="ant-modal-wra…&gt;…&lt;/div&gt; from &lt;div&gt;…&lt;/div&gt; subtree intercepts pointer events
E       retrying click action, attempt #29
E         waiting 500ms
E         waiting for element to be visible, enabled and stable
E         element is visible, enabled and stable
E         scrolling into view if needed
E         done scrolling
E         &lt;div tabindex="-1" role="dialog" class="ant-modal-wra…&gt;…&lt;/div&gt; from &lt;div&gt;…&lt;/div&gt; subtree intercepts pointer events
E       retrying click action, attempt #30
E         waiting 500ms
E         waiting for element to be visible, enabled and stable
E         element is visible, enabled and stable
E         scrolling into view if needed
E         done scrolling
E         &lt;div tabindex="-1" role="dialog" class="ant-modal-wra…&gt;…&lt;/div&gt; from &lt;div&gt;…&lt;/div&gt; subtree intercepts pointer events
E       retrying click action, attempt #31
E         waiting 500ms
E         waiting for element to be visible, enabled and stable
E         element is visible, enabled and stable
E         scrolling into view if needed
E         done scrolling
E         &lt;div tabindex="-1" role="dialog" class="ant-modal-wra…&gt;…&lt;/div&gt; from &lt;div&gt;…&lt;/div&gt; subtree intercepts pointer events
E       retrying click action, attempt #32
E         waiting 500ms
E         waiting for element to be visible, enabled and stable
E         element is visible, enabled and stable
E         scrolling into view if needed
E         done scrolling
E         &lt;div tabindex="-1" role="dialog" class="ant-modal-wra…&gt;…&lt;/div&gt; from &lt;div&gt;…&lt;/div&gt; subtree intercepts pointer events
E       retrying click action, attempt #33
E         waiting 500ms
E         waiting for element to be visible, enabled and stable
E         element is visible, enabled and stable
E         scrolling into view if needed
E         done scrolling
E         &lt;div tabindex="-1" role="dialog" class="ant-modal-wra…&gt;…&lt;/div&gt; from &lt;div&gt;…&lt;/div&gt; subtree intercepts pointer events
E       retrying click action, attempt #34
E         waiting 500ms
E         waiting for element to be visible, enabled and stable
E         element is visible, enabled and stable
E         scrolling into view if needed
E         done scrolling
E         &lt;div tabindex="-1" role="dialog" class="ant-modal-wra…&gt;…&lt;/div&gt; from &lt;div&gt;…&lt;/div&gt; subtree intercepts pointer events
E       retrying click action, attempt #35
E         waiting 500ms
E         waiting for element to be visible, enabled and stable
E         element is visible, enabled and stable
E         scrolling into view if needed
E         done scrolling
E         &lt;div tabindex="-1" role="dialog" class="ant-modal-wra…&gt;…&lt;/div&gt; from &lt;div&gt;…&lt;/div&gt; subtree intercepts pointer events
E       retrying click action, attempt #36
E         waiting 500ms
E         waiting for element to be visible, enabled and stable
E         element is visible, enabled and stable
E         scrolling into view if needed
E         done scrolling
E         &lt;div tabindex="-1" role="dialog" class="ant-modal-wra…&gt;…&lt;/div&gt; from &lt;div&gt;…&lt;/div&gt; subtree intercepts pointer events
E       retrying click action, attempt #37
E         waiting 500ms
E         waiting for element to be visible, enabled and stable
E         element is visible, enabled and stable
E         scrolling into view if needed
E         done scrolling
E         &lt;div tabindex="-1" role="dialog" class="ant-modal-wra…&gt;…&lt;/div&gt; from &lt;div&gt;…&lt;/div&gt; subtree intercepts pointer events
E       retrying click action, attempt #38
E         waiting 500ms
E         waiting for element to be visible, enabled and stable
E         element is visible, enabled and stable
E         scrolling into view if needed
E         done scrolling
E         &lt;div tabindex="-1" role="dialog" class="ant-modal-wra…&gt;…&lt;/div&gt; from &lt;div&gt;…&lt;/div&gt; subtree intercepts pointer events
E       retrying click action, attempt #39
E         waiting 500ms
E         waiting for element to be visible, enabled and stable
E         element is visible, enabled and stable
E         scrolling into view if needed
E         done scrolling
E         &lt;div tabindex="-1" role="dialog" class="ant-modal-wra…&gt;…&lt;/div&gt; from &lt;div&gt;…&lt;/div&gt; subtree intercepts pointer events
E       retrying click action, attempt #40
E         waiting 500ms
E         waiting for element to be visible, enabled and stable
E         element is visible, enabled and stable
E         scrolling into view if needed
E         done scrolling
E         &lt;div tabindex="-1" role="dialog" class="ant-modal-wra…&gt;…&lt;/div&gt; from &lt;div&gt;…&lt;/div&gt; subtree intercepts pointer events
E       retrying click action, attempt #41
E         waiting 500ms
E         waiting for element to be visible, enabled and stable
E         element is visible, enabled and stable
E         scrolling into view if needed
E         done scrolling
E         &lt;div tabindex="-1" role="dialog" class="ant-modal-wra…&gt;…&lt;/div&gt; from &lt;div&gt;…&lt;/div&gt; subtree intercepts pointer events
E       retrying click action, attempt #42
E         waiting 500ms
E         waiting for element to be visible, enabled and stable
E         element is visible, enabled and stable
E         scrolling into view if needed
E         done scrolling
E         &lt;div tabindex="-1" role="dialog" class="ant-modal-wra…&gt;…&lt;/div&gt; from &lt;div&gt;…&lt;/div&gt; subtree intercepts pointer events
E       retrying click action, attempt #43
E         waiting 500ms
E         waiting for element to be visible, enabled and stable
E         element is visible, enabled and stable
E         scrolling into view if needed
E         done scrolling
E         &lt;div tabindex="-1" role="dialog" class="ant-modal-wra…&gt;…&lt;/div&gt; from &lt;div&gt;…&lt;/div&gt; subtree intercepts pointer events
E       retrying click action, attempt #44
E         waiting 500ms
E         waiting for element to be visible, enabled and stable
E         element is visible, enabled and stable
E         scrolling into view if needed
E         done scrolling
E         &lt;div tabindex="-1" role="dialog" class="ant-modal-wra…&gt;…&lt;/div&gt; from &lt;div&gt;…&lt;/div&gt; subtree intercepts pointer events
E       retrying click action, attempt #45
E         waiting 500ms
E         waiting for element to be visible, enabled and stable
E         element is visible, enabled and stable
E         scrolling into view if needed
E         done scrolling
E         &lt;div tabindex="-1" role="dialog" class="ant-modal-wra…&gt;…&lt;/div&gt; from &lt;div&gt;…&lt;/div&gt; subtree intercepts pointer events
E       retrying click action, attempt #46
E         waiting 500ms
E         waiting for element to be visible, enabled and stable
E         element is visible, enabled and stable
E         scrolling into view if needed
E         done scrolling
E         &lt;div tabindex="-1" role="dialog" class="ant-modal-wra…&gt;…&lt;/div&gt; from &lt;div&gt;…&lt;/div&gt; subtree intercepts pointer events
E       retrying click action, attempt #47
E         waiting 500ms
E         waiting for element to be visible, enabled and stable
E         element is visible, enabled and stable
E         scrolling into view if needed
E         done scrolling
E         &lt;div tabindex="-1" role="dialog" class="ant-modal-wra…&gt;…&lt;/div&gt; from &lt;div&gt;…&lt;/div&gt; subtree intercepts pointer events
E       retrying click action, attempt #48
E         waiting 500ms
E         waiting for element to be visible, enabled and stable
E         element is visible, enabled and stable
E         scrolling into view if needed
E         done scrolling
E         &lt;div tabindex="-1" role="dialog" class="ant-modal-wra…&gt;…&lt;/div&gt; from &lt;div&gt;…&lt;/div&gt; subtree intercepts pointer events
E       retrying click action, attempt #49
E         waiting 500ms
E         waiting for element to be visible, enabled and stable
E         element is visible, enabled and stable
E         scrolling into view if needed
E         done scrolling
E         &lt;div tabindex="-1" role="dialog" class="ant-modal-wra…&gt;…&lt;/div&gt; from &lt;div&gt;…&lt;/div&gt; subtree intercepts pointer events
E       retrying click action, attempt #50
E         waiting 500ms
E         waiting for element to be visible, enabled and stable
E         element is visible, enabled and stable
E         scrolling into view if needed
E         done scrolling
E         &lt;div tabindex="-1" role="dialog" class="ant-modal-wra…&gt;…&lt;/div&gt; from &lt;div&gt;…&lt;/div&gt; subtree intercepts pointer events
E       retrying click action, attempt #51
E         waiting 500ms
E         waiting for element to be visible, enabled and stable
E         element is visible, enabled and stable
E         scrolling into view if needed
E         done scrolling
E         &lt;div tabindex="-1" role="dialog" class="ant-modal-wra…&gt;…&lt;/div&gt; from &lt;div&gt;…&lt;/div&gt; subtree intercepts pointer events
E       retrying click action, attempt #52
E         waiting 500ms
E         waiting for element to be visible, enabled and stable
E         element is visible, enabled and stable
E         scrolling into view if needed
E         done scrolling
E         &lt;div tabindex="-1" role="dialog" class="ant-modal-wra…&gt;…&lt;/div&gt; from &lt;div&gt;…&lt;/div&gt; subtree intercepts pointer events
E       retrying click action, attempt #53
E         waiting 500ms
E         waiting for element to be visible, enabled and stable
E         element is visible, enabled and stable
E         scrolling into view if needed
E         done scrolling
E         &lt;div tabindex="-1" role="dialog" class="ant-modal-wra…&gt;…&lt;/div&gt; from &lt;div&gt;…&lt;/div&gt; subtree intercepts pointer events
E       retrying click action, attempt #54
E         waiting 500ms
E         waiting for element to be visible, enabled and stable
E         element is visible, enabled and stable
E         scrolling into view if needed
E         done scrolling
E         &lt;div tabindex="-1" role="dialog" class="ant-modal-wra…&gt;…&lt;/div&gt; from &lt;div&gt;…&lt;/div&gt; subtree intercepts pointer events
E       retrying click action, attempt #55
E         waiting 500ms
E         waiting for element to be visible, enabled and stable
E         element is visible, enabled and stable
E         scrolling into view if needed
E         done scrolling
E         &lt;div tabindex="-1" role="dialog" class="ant-modal-wra…&gt;…&lt;/div&gt; from &lt;div&gt;…&lt;/div&gt; subtree intercepts pointer events
E       retrying click action, attempt #56
E         waiting 500ms
E         waiting for element to be visible, enabled and stable
E         element is visible, enabled and stable
E         scrolling into view if needed
E         done scrolling
E         &lt;div tabindex="-1" role="dialog" class="ant-modal-wra…&gt;…&lt;/div&gt; from &lt;div&gt;…&lt;/div&gt; subtree intercepts pointer events
E       retrying click action, attempt #57
E         waiting 500ms
E         waiting for element to be visible, enabled and stable
E         element is visible, enabled and stable
E         scrolling into view if needed
E         done scrolling
E         &lt;div tabindex="-1" role="dialog" class="ant-modal-wra…&gt;…&lt;/div&gt; from &lt;div&gt;…&lt;/div&gt; subtree intercepts pointer events
E       retrying click action, attempt #58
E         waiting 500ms
E         waiting for element to be visible, enabled and stable
E         element is visible, enabled and stable
E         scrolling into view if needed
E         done scrolling
E         &lt;div tabindex="-1" role="dialog" class="ant-modal-wra…&gt;…&lt;/div&gt; from &lt;div&gt;…&lt;/div&gt; subtree intercepts pointer events
E       retrying click action, attempt #59
E         waiting 500ms
E         waiting for element to be visible, enabled and stable
E         element is visible, enabled and stable
E         scrolling into view if needed
E         done scrolling
E         &lt;div tabindex="-1" role="dialog" class="ant-modal-wra…&gt;…&lt;/div&gt; from &lt;div&gt;…&lt;/div&gt; subtree intercepts pointer events
E       retrying click action, attempt #60
E         waiting 500ms
E         waiting for element to be visible, enabled and stable
E         element is visible, enabled and stable
E         scrolling into view if needed
E         done scrolling
E         &lt;div tabindex="-1" role="dialog" class="ant-modal-wra…&gt;…&lt;/div&gt; from &lt;div&gt;…&lt;/div&gt; subtree intercepts pointer events
E       retrying click action, attempt #61
E         waiting 500ms
E       ============================================================

venv/lib/python3.10/site-packages/playwright/_impl/_connection.py:79: TimeoutError</failure></testcase><testcase classname="pytest" name="internal" time="0.000"><error message="internal error">Traceback (most recent call last):
  File "/Users/mac/Downloads/playwright-pytest-demo-master/venv/lib/python3.10/site-packages/_pytest/main.py", line 270, in wrap_session
    session.exitstatus = doit(config, session) or 0
  File "/Users/mac/Downloads/playwright-pytest-demo-master/venv/lib/python3.10/site-packages/_pytest/main.py", line 324, in _main
    config.hook.pytest_runtestloop(session=session)
  File "/Users/mac/Downloads/playwright-pytest-demo-master/venv/lib/python3.10/site-packages/pluggy/_hooks.py", line 265, in __call__
    return self._hookexec(self.name, self.get_hookimpls(), kwargs, firstresult)
  File "/Users/mac/Downloads/playwright-pytest-demo-master/venv/lib/python3.10/site-packages/pluggy/_manager.py", line 80, in _hookexec
    return self._inner_hookexec(hook_name, methods, kwargs, firstresult)
  File "/Users/mac/Downloads/playwright-pytest-demo-master/venv/lib/python3.10/site-packages/pluggy/_callers.py", line 60, in _multicall
    return outcome.get_result()
  File "/Users/mac/Downloads/playwright-pytest-demo-master/venv/lib/python3.10/site-packages/pluggy/_result.py", line 60, in get_result
    raise ex[1].with_traceback(ex[2])
  File "/Users/mac/Downloads/playwright-pytest-demo-master/venv/lib/python3.10/site-packages/pluggy/_callers.py", line 39, in _multicall
    res = hook_impl.function(*args)
  File "/Users/mac/Downloads/playwright-pytest-demo-master/venv/lib/python3.10/site-packages/_pytest/main.py", line 349, in pytest_runtestloop
    item.config.hook.pytest_runtest_protocol(item=item, nextitem=nextitem)
  File "/Users/mac/Downloads/playwright-pytest-demo-master/venv/lib/python3.10/site-packages/pluggy/_hooks.py", line 265, in __call__
    return self._hookexec(self.name, self.get_hookimpls(), kwargs, firstresult)
  File "/Users/mac/Downloads/playwright-pytest-demo-master/venv/lib/python3.10/site-packages/pluggy/_manager.py", line 80, in _hookexec
    return self._inner_hookexec(hook_name, methods, kwargs, firstresult)
  File "/Users/mac/Downloads/playwright-pytest-demo-master/venv/lib/python3.10/site-packages/pluggy/_callers.py", line 60, in _multicall
    return outcome.get_result()
  File "/Users/mac/Downloads/playwright-pytest-demo-master/venv/lib/python3.10/site-packages/pluggy/_result.py", line 60, in get_result
    raise ex[1].with_traceback(ex[2])
  File "/Users/mac/Downloads/playwright-pytest-demo-master/venv/lib/python3.10/site-packages/pluggy/_callers.py", line 39, in _multicall
    res = hook_impl.function(*args)
  File "/Users/mac/Downloads/playwright-pytest-demo-master/venv/lib/python3.10/site-packages/pytest_rerunfailures.py", line 578, in pytest_runtest_protocol
    reports = runtestprotocol(item, nextitem=nextitem, log=False)
  File "/Users/mac/Downloads/playwright-pytest-demo-master/venv/lib/python3.10/site-packages/_pytest/runner.py", line 131, in runtestprotocol
    reports.append(call_and_report(item, "call", log))
  File "/Users/mac/Downloads/playwright-pytest-demo-master/venv/lib/python3.10/site-packages/_pytest/runner.py", line 222, in call_and_report
    report: TestReport = hook.pytest_runtest_makereport(item=item, call=call)
  File "/Users/mac/Downloads/playwright-pytest-demo-master/venv/lib/python3.10/site-packages/pluggy/_hooks.py", line 265, in __call__
    return self._hookexec(self.name, self.get_hookimpls(), kwargs, firstresult)
  File "/Users/mac/Downloads/playwright-pytest-demo-master/venv/lib/python3.10/site-packages/pluggy/_manager.py", line 80, in _hookexec
    return self._inner_hookexec(hook_name, methods, kwargs, firstresult)
  File "/Users/mac/Downloads/playwright-pytest-demo-master/venv/lib/python3.10/site-packages/pluggy/_callers.py", line 55, in _multicall
    gen.send(outcome)
  File "/Users/mac/Downloads/playwright-pytest-demo-master/venv/lib/python3.10/site-packages/allure_pytest/listener.py", line 173, in pytest_runtest_makereport
    report = (yield).get_result()
  File "/Users/mac/Downloads/playwright-pytest-demo-master/venv/lib/python3.10/site-packages/pluggy/_result.py", line 60, in get_result
    raise ex[1].with_traceback(ex[2])
  File "/Users/mac/Downloads/playwright-pytest-demo-master/venv/lib/python3.10/site-packages/pluggy/_callers.py", line 34, in _multicall
    next(gen)  # first yield
  File "/Users/mac/Downloads/playwright-pytest-demo-master/conftest.py", line 37, in pytest_runtest_makereport
    page.screenshot(type='png'),
  File "/Users/mac/Downloads/playwright-pytest-demo-master/venv/lib/python3.10/site-packages/playwright/sync_api/_generated.py", line 9931, in screenshot
    self._sync(
  File "/Users/mac/Downloads/playwright-pytest-demo-master/venv/lib/python3.10/site-packages/playwright/_impl/_sync_base.py", line 104, in _sync
    return task.result()
  File "/Users/mac/Downloads/playwright-pytest-demo-master/venv/lib/python3.10/site-packages/playwright/_impl/_page.py", line 667, in screenshot
    encoded_binary = await self._channel.send("screenshot", params)
  File "/Users/mac/Downloads/playwright-pytest-demo-master/venv/lib/python3.10/site-packages/playwright/_impl/_connection.py", line 44, in send
    return await self._connection.wrap_api_call(
  File "/Users/mac/Downloads/playwright-pytest-demo-master/venv/lib/python3.10/site-packages/playwright/_impl/_connection.py", line 419, in wrap_api_call
    return await cb()
  File "/Users/mac/Downloads/playwright-pytest-demo-master/venv/lib/python3.10/site-packages/playwright/_impl/_connection.py", line 79, in inner_send
    result = next(iter(done)).result()
playwright._impl._api_types.Error: Target page, context or browser has been closed</error></testcase></testsuite></testsuites>